2023-03-22 21:41:51 0 [Note] InnoDB: Mutexes and rw_locks use Windows interlocked functions
2023-03-22 21:41:51 0 [Note] InnoDB: Uses event mutexes
2023-03-22 21:41:51 0 [Note] InnoDB: Compressed tables use zlib 1.2.12
2023-03-22 21:41:51 0 [Note] InnoDB: Number of pools: 1
2023-03-22 21:41:51 0 [Note] InnoDB: Using SSE2 crc32 instructions
2023-03-22 21:41:51 0 [Note] InnoDB: Initializing buffer pool, total size = 16M, instances = 1, chunk size = 16M
2023-03-22 21:41:51 0 [Note] InnoDB: Completed initialization of buffer pool
2023-03-22 21:41:51 0 [Note] InnoDB: Starting crash recovery from checkpoint LSN=300288
2023-03-22 21:41:51 0 [Note] InnoDB: 128 out of 128 rollback segments are active.
2023-03-22 21:41:51 0 [Note] InnoDB: Removed temporary tablespace data file: "ibtmp1"
2023-03-22 21:41:51 0 [Note] InnoDB: Creating shared tablespace for temporary tables
2023-03-22 21:41:51 0 [Note] InnoDB: Setting file 'D:\XAMPP\mysql\data\ibtmp1' size to 12 MB. Physically writing the file full; Please wait ...
2023-03-22 21:41:51 0 [Note] InnoDB: File 'D:\XAMPP\mysql\data\ibtmp1' size is now 12 MB.
2023-03-22 21:41:51 0 [Note] InnoDB: Waiting for purge to start
2023-03-22 21:41:51 0 [Note] InnoDB: 10.4.27 started; log sequence number 300297; transaction id 170
2023-03-22 21:41:51 0 [Note] InnoDB: Loading buffer pool(s) from D:\XAMPP\mysql\data\ib_buffer_pool
2023-03-22 21:41:51 0 [Note] Plugin 'FEEDBACK' is disabled.
2023-03-22 21:41:51 0 [Note] InnoDB: Buffer pool(s) load completed at 230322 21:41:51
2023-03-22 21:41:51 0 [Note] Server socket created on IP: '::'.
2023-08-05 11:30:06 0 [Note] InnoDB: Mutexes and rw_locks use Windows interlocked functions
2023-08-05 11:30:06 0 [Note] InnoDB: Uses event mutexes
2023-08-05 11:30:06 0 [Note] InnoDB: Compressed tables use zlib 1.2.12
2023-08-05 11:30:06 0 [Note] InnoDB: Number of pools: 1
2023-08-05 11:30:06 0 [Note] InnoDB: Using SSE2 crc32 instructions
2023-08-05 11:30:06 0 [Note] InnoDB: Initializing buffer pool, total size = 16M, instances = 1, chunk size = 16M
2023-08-05 11:30:06 0 [Note] InnoDB: Completed initialization of buffer pool
2023-08-05 11:30:06 0 [Note] InnoDB: Starting crash recovery from checkpoint LSN=852007
2023-08-05 11:30:07 0 [Note] InnoDB: 128 out of 128 rollback segments are active.
2023-08-05 11:30:07 0 [Note] InnoDB: Removed temporary tablespace data file: "ibtmp1"
2023-08-05 11:30:07 0 [Note] InnoDB: Creating shared tablespace for temporary tables
2023-08-05 11:30:07 0 [Note] InnoDB: Setting file 'D:\XAMPP\mysql\data\ibtmp1' size to 12 MB. Physically writing the file full; Please wait ...
2023-08-05 11:30:07 0 [Note] InnoDB: File 'D:\XAMPP\mysql\data\ibtmp1' size is now 12 MB.
2023-08-05 11:30:07 0 [Note] InnoDB: Waiting for purge to start
2023-08-05 11:30:07 0 [Note] InnoDB: 10.4.27 started; log sequence number 852016; transaction id 926
2023-08-05 11:30:07 0 [Note] InnoDB: Loading buffer pool(s) from D:\XAMPP\mysql\data\ib_buffer_pool
2023-08-05 11:30:07 0 [Note] Plugin 'FEEDBACK' is disabled.
2023-08-05 11:30:07 0 [Note] InnoDB: Buffer pool(s) load completed at 230805 11:30:07
2023-08-05 11:30:07 0 [Note] Server socket created on IP: '::'.
2023-08-05 12:35:24 0 [Note] InnoDB: Mutexes and rw_locks use Windows interlocked functions
2023-08-05 12:35:24 0 [Note] InnoDB: Uses event mutexes
2023-08-05 12:35:24 0 [Note] InnoDB: Compressed tables use zlib 1.2.12
2023-08-05 12:35:24 0 [Note] InnoDB: Number of pools: 1
2023-08-05 12:35:24 0 [Note] InnoDB: Using SSE2 crc32 instructions
2023-08-05 12:35:24 0 [Note] InnoDB: Initializing buffer pool, total size = 16M, instances = 1, chunk size = 16M
2023-08-05 12:35:24 0 [Note] InnoDB: Completed initialization of buffer pool
2023-08-05 12:35:24 0 [Note] InnoDB: Starting crash recovery from checkpoint LSN=852326
2023-08-05 12:35:25 0 [Note] InnoDB: 128 out of 128 rollback segments are active.
2023-08-05 12:35:25 0 [Note] InnoDB: Removed temporary tablespace data file: "ibtmp1"
2023-08-05 12:35:25 0 [Note] InnoDB: Creating shared tablespace for temporary tables
2023-08-05 12:35:25 0 [Note] InnoDB: Setting file 'D:\XAMPP\mysql\data\ibtmp1' size to 12 MB. Physically writing the file full; Please wait ...
2023-08-05 12:35:25 0 [Note] InnoDB: File 'D:\XAMPP\mysql\data\ibtmp1' size is now 12 MB.
2023-08-05 12:35:25 0 [Note] InnoDB: Waiting for purge to start
2023-08-05 12:35:26 0 [Note] InnoDB: 10.4.27 started; log sequence number 852335; transaction id 949
2023-08-05 12:35:26 0 [Note] InnoDB: Loading buffer pool(s) from D:\XAMPP\mysql\data\ib_buffer_pool
2023-08-05 12:35:26 0 [Note] Plugin 'FEEDBACK' is disabled.
2023-08-05 12:35:26 0 [Note] Server socket created on IP: '::'.
2023-08-09 23:26:23 0 [Note] InnoDB: Mutexes and rw_locks use Windows interlocked functions
2023-08-09 23:26:23 0 [Note] InnoDB: Uses event mutexes
2023-08-09 23:26:23 0 [Note] InnoDB: Compressed tables use zlib 1.2.12
2023-08-09 23:26:23 0 [Note] InnoDB: Number of pools: 1
2023-08-09 23:26:23 0 [Note] InnoDB: Using SSE2 crc32 instructions
2023-08-09 23:26:23 0 [Note] InnoDB: Initializing buffer pool, total size = 16M, instances = 1, chunk size = 16M
2023-08-09 23:26:23 0 [Note] InnoDB: Completed initialization of buffer pool
2023-08-09 23:26:23 0 [Note] InnoDB: Starting crash recovery from checkpoint LSN=852677
2023-08-09 23:26:24 0 [Note] InnoDB: 128 out of 128 rollback segments are active.
2023-08-09 23:26:24 0 [Note] InnoDB: Removed temporary tablespace data file: "ibtmp1"
2023-08-09 23:26:24 0 [Note] InnoDB: Creating shared tablespace for temporary tables
2023-08-09 23:26:24 0 [Note] InnoDB: Setting file 'D:\XAMPP\mysql\data\ibtmp1' size to 12 MB. Physically writing the file full; Please wait ...
2023-08-09 23:26:24 0 [Note] InnoDB: File 'D:\XAMPP\mysql\data\ibtmp1' size is now 12 MB.
2023-08-09 23:26:24 0 [Note] InnoDB: Waiting for purge to start
2023-08-09 23:26:24 0 [Note] InnoDB: 10.4.27 started; log sequence number 852686; transaction id 972
2023-08-09 23:26:24 0 [Note] InnoDB: Loading buffer pool(s) from D:\XAMPP\mysql\data\ib_buffer_pool
2023-08-09 23:26:24 0 [Note] Plugin 'FEEDBACK' is disabled.
2023-08-09 23:26:24 0 [Note] Server socket created on IP: '::'.
2023-08-10 16:12:41 0 [Note] InnoDB: Mutexes and rw_locks use Windows interlocked functions
2023-08-10 16:12:41 0 [Note] InnoDB: Uses event mutexes
2023-08-10 16:12:41 0 [Note] InnoDB: Compressed tables use zlib 1.2.12
2023-08-10 16:12:41 0 [Note] InnoDB: Number of pools: 1
2023-08-10 16:12:41 0 [Note] InnoDB: Using SSE2 crc32 instructions
2023-08-10 16:12:41 0 [Note] InnoDB: Initializing buffer pool, total size = 16M, instances = 1, chunk size = 16M
2023-08-10 16:12:41 0 [Note] InnoDB: Completed initialization of buffer pool
2023-08-10 16:12:42 0 [Note] InnoDB: Starting crash recovery from checkpoint LSN=1037118
2023-08-10 16:12:43 0 [Note] InnoDB: 128 out of 128 rollback segments are active.
2023-08-10 16:12:43 0 [Note] InnoDB: Removed temporary tablespace data file: "ibtmp1"
2023-08-10 16:12:43 0 [Note] InnoDB: Creating shared tablespace for temporary tables
2023-08-10 16:12:43 0 [Note] InnoDB: Setting file 'D:\XAMPP\mysql\data\ibtmp1' size to 12 MB. Physically writing the file full; Please wait ...
2023-08-10 16:12:43 0 [Note] InnoDB: File 'D:\XAMPP\mysql\data\ibtmp1' size is now 12 MB.
2023-08-10 16:12:43 0 [Note] InnoDB: Waiting for purge to start
2023-08-10 16:12:43 0 [Note] InnoDB: 10.4.27 started; log sequence number 1037127; transaction id 1205
2023-08-10 16:12:43 0 [Note] InnoDB: Loading buffer pool(s) from D:\XAMPP\mysql\data\ib_buffer_pool
2023-08-10 16:12:43 0 [Note] Plugin 'FEEDBACK' is disabled.
2023-08-10 16:12:43 0 [Note] InnoDB: Buffer pool(s) load completed at 230810 16:12:43
2023-08-10 16:12:43 0 [Note] Server socket created on IP: '::'.
2023-08-12 22:36:42 0 [Note] InnoDB: Mutexes and rw_locks use Windows interlocked functions
2023-08-12 22:36:42 0 [Note] InnoDB: Uses event mutexes
2023-08-12 22:36:42 0 [Note] InnoDB: Compressed tables use zlib 1.2.12
2023-08-12 22:36:42 0 [Note] InnoDB: Number of pools: 1
2023-08-12 22:36:42 0 [Note] InnoDB: Using SSE2 crc32 instructions
2023-08-12 22:36:42 0 [Note] InnoDB: Initializing buffer pool, total size = 16M, instances = 1, chunk size = 16M
2023-08-12 22:36:42 0 [Note] InnoDB: Completed initialization of buffer pool
2023-08-12 22:36:42 0 [Note] InnoDB: Starting crash recovery from checkpoint LSN=1161954
2023-08-12 22:36:43 0 [Note] InnoDB: 128 out of 128 rollback segments are active.
2023-08-12 22:36:43 0 [Note] InnoDB: Removed temporary tablespace data file: "ibtmp1"
2023-08-12 22:36:43 0 [Note] InnoDB: Creating shared tablespace for temporary tables
2023-08-12 22:36:43 0 [Note] InnoDB: Setting file 'D:\XAMPP\mysql\data\ibtmp1' size to 12 MB. Physically writing the file full; Please wait ...
2023-08-12 22:36:43 0 [Note] InnoDB: File 'D:\XAMPP\mysql\data\ibtmp1' size is now 12 MB.
2023-08-12 22:36:43 0 [Note] InnoDB: Waiting for purge to start
2023-08-12 22:36:43 0 [Note] InnoDB: 10.4.27 started; log sequence number 1161963; transaction id 1350
2023-08-12 22:36:43 0 [Note] InnoDB: Loading buffer pool(s) from D:\XAMPP\mysql\data\ib_buffer_pool
2023-08-12 22:36:43 0 [Note] Plugin 'FEEDBACK' is disabled.
2023-08-12 22:36:44 0 [Note] Server socket created on IP: '::'.
2023-08-16 19:16:53 0 [Note] InnoDB: Mutexes and rw_locks use Windows interlocked functions
2023-08-16 19:16:53 0 [Note] InnoDB: Uses event mutexes
2023-08-16 19:16:53 0 [Note] InnoDB: Compressed tables use zlib 1.2.12
2023-08-16 19:16:53 0 [Note] InnoDB: Number of pools: 1
2023-08-16 19:16:53 0 [Note] InnoDB: Using SSE2 crc32 instructions
2023-08-16 19:16:53 0 [Note] InnoDB: Initializing buffer pool, total size = 16M, instances = 1, chunk size = 16M
2023-08-16 19:16:53 0 [Note] InnoDB: Completed initialization of buffer pool
2023-08-16 19:16:53 0 [Note] InnoDB: Starting crash recovery from checkpoint LSN=1213302
2023-08-16 19:16:54 0 [Note] InnoDB: 128 out of 128 rollback segments are active.
2023-08-16 19:16:54 0 [Note] InnoDB: Removed temporary tablespace data file: "ibtmp1"
2023-08-16 19:16:54 0 [Note] InnoDB: Creating shared tablespace for temporary tables
2023-08-16 19:16:54 0 [Note] InnoDB: Setting file 'D:\XAMPP\mysql\data\ibtmp1' size to 12 MB. Physically writing the file full; Please wait ...
2023-08-16 19:16:54 0 [Note] InnoDB: File 'D:\XAMPP\mysql\data\ibtmp1' size is now 12 MB.
2023-08-16 19:16:54 0 [Note] InnoDB: Waiting for purge to start
2023-08-16 19:16:54 0 [Note] InnoDB: 10.4.27 started; log sequence number 1213311; transaction id 1472
2023-08-16 19:16:54 0 [Note] InnoDB: Loading buffer pool(s) from D:\XAMPP\mysql\data\ib_buffer_pool
2023-08-16 19:16:54 0 [Note] Plugin 'FEEDBACK' is disabled.
2023-08-16 19:16:54 0 [Note] InnoDB: Buffer pool(s) load completed at 230816 19:16:54
2023-08-16 19:16:54 0 [Note] Server socket created on IP: '::'.
2023-08-17 12:52:17 0 [Note] InnoDB: Mutexes and rw_locks use Windows interlocked functions
2023-08-17 12:52:17 0 [Note] InnoDB: Uses event mutexes
2023-08-17 12:52:17 0 [Note] InnoDB: Compressed tables use zlib 1.2.12
2023-08-17 12:52:17 0 [Note] InnoDB: Number of pools: 1
2023-08-17 12:52:17 0 [Note] InnoDB: Using SSE2 crc32 instructions
2023-08-17 12:52:17 0 [Note] InnoDB: Initializing buffer pool, total size = 16M, instances = 1, chunk size = 16M
2023-08-17 12:52:17 0 [Note] InnoDB: Completed initialization of buffer pool
2023-08-17 12:52:17 0 [Note] InnoDB: Starting crash recovery from checkpoint LSN=1427876
2023-08-17 12:52:18 0 [Note] InnoDB: 128 out of 128 rollback segments are active.
2023-08-17 12:52:18 0 [Note] InnoDB: Removed temporary tablespace data file: "ibtmp1"
2023-08-17 12:52:18 0 [Note] InnoDB: Creating shared tablespace for temporary tables
2023-08-17 12:52:18 0 [Note] InnoDB: Setting file 'D:\XAMPP\mysql\data\ibtmp1' size to 12 MB. Physically writing the file full; Please wait ...
2023-08-17 12:52:18 0 [Note] InnoDB: File 'D:\XAMPP\mysql\data\ibtmp1' size is now 12 MB.
2023-08-17 12:52:18 0 [Note] InnoDB: Waiting for purge to start
2023-08-17 12:52:18 0 [Note] InnoDB: 10.4.27 started; log sequence number 1427885; transaction id 1892
2023-08-17 12:52:18 0 [Note] InnoDB: Loading buffer pool(s) from D:\XAMPP\mysql\data\ib_buffer_pool
2023-08-17 12:52:18 0 [Note] Plugin 'FEEDBACK' is disabled.
2023-08-17 12:52:18 0 [Note] InnoDB: Buffer pool(s) load completed at 230817 12:52:18
2023-08-17 12:52:18 0 [Note] Server socket created on IP: '::'.
2023-08-31 21:41:51 0 [Note] InnoDB: Mutexes and rw_locks use Windows interlocked functions
2023-08-31 21:41:51 0 [Note] InnoDB: Uses event mutexes
2023-08-31 21:41:51 0 [Note] InnoDB: Compressed tables use zlib 1.2.12
2023-08-31 21:41:51 0 [Note] InnoDB: Number of pools: 1
2023-08-31 21:41:51 0 [Note] InnoDB: Using SSE2 crc32 instructions
2023-08-31 21:41:51 0 [Note] InnoDB: Initializing buffer pool, total size = 16M, instances = 1, chunk size = 16M
2023-08-31 21:41:51 0 [Note] InnoDB: Completed initialization of buffer pool
2023-08-31 21:41:51 0 [Note] InnoDB: Starting crash recovery from checkpoint LSN=1511999
2023-08-31 21:41:53 0 [Note] InnoDB: 128 out of 128 rollback segments are active.
2023-08-31 21:41:53 0 [Note] InnoDB: Removed temporary tablespace data file: "ibtmp1"
2023-08-31 21:41:53 0 [Note] InnoDB: Creating shared tablespace for temporary tables
2023-08-31 21:41:53 0 [Note] InnoDB: Setting file 'D:\XAMPP\mysql\data\ibtmp1' size to 12 MB. Physically writing the file full; Please wait ...
2023-08-31 21:41:53 0 [Note] InnoDB: File 'D:\XAMPP\mysql\data\ibtmp1' size is now 12 MB.
2023-08-31 21:41:53 0 [Note] InnoDB: Waiting for purge to start
2023-08-31 21:41:53 0 [Note] InnoDB: 10.4.27 started; log sequence number 1512008; transaction id 2069
2023-08-31 21:41:53 0 [Note] InnoDB: Loading buffer pool(s) from D:\XAMPP\mysql\data\ib_buffer_pool
2023-08-31 21:41:53 0 [Note] Plugin 'FEEDBACK' is disabled.
2023-08-31 21:41:53 0 [Note] InnoDB: Buffer pool(s) load completed at 230831 21:41:53
2023-08-31 21:41:53 0 [Note] Server socket created on IP: '::'.
2023-09-02 12:31:48 0 [Note] InnoDB: Mutexes and rw_locks use Windows interlocked functions
2023-09-02 12:31:48 0 [Note] InnoDB: Uses event mutexes
2023-09-02 12:31:48 0 [Note] InnoDB: Compressed tables use zlib 1.2.12
2023-09-02 12:31:48 0 [Note] InnoDB: Number of pools: 1
2023-09-02 12:31:48 0 [Note] InnoDB: Using SSE2 crc32 instructions
2023-09-02 12:31:48 0 [Note] InnoDB: Initializing buffer pool, total size = 16M, instances = 1, chunk size = 16M
2023-09-02 12:31:48 0 [Note] InnoDB: Completed initialization of buffer pool
2023-09-02 12:31:49 0 [Note] InnoDB: Starting crash recovery from checkpoint LSN=1719281
2023-09-02 12:31:50 0 [Note] InnoDB: 128 out of 128 rollback segments are active.
2023-09-02 12:31:50 0 [Note] InnoDB: Removed temporary tablespace data file: "ibtmp1"
2023-09-02 12:31:50 0 [Note] InnoDB: Creating shared tablespace for temporary tables
2023-09-02 12:31:50 0 [Note] InnoDB: Setting file 'D:\XAMPP\mysql\data\ibtmp1' size to 12 MB. Physically writing the file full; Please wait ...
2023-09-02 12:31:50 0 [Note] InnoDB: File 'D:\XAMPP\mysql\data\ibtmp1' size is now 12 MB.
2023-09-02 12:31:50 0 [Note] InnoDB: Waiting for purge to start
2023-09-02 12:31:50 0 [Note] InnoDB: 10.4.27 started; log sequence number 1719290; transaction id 2380
2023-09-02 12:31:50 0 [Note] Plugin 'FEEDBACK' is disabled.
2023-09-02 12:31:50 0 [Note] InnoDB: Loading buffer pool(s) from D:\XAMPP\mysql\data\ib_buffer_pool
2023-09-02 12:31:50 0 [Note] InnoDB: Buffer pool(s) load completed at 230902 12:31:50
2023-09-02 12:31:50 0 [Note] Server socket created on IP: '::'.
2023-09-03 13:26:16 0 [Note] InnoDB: Mutexes and rw_locks use Windows interlocked functions
2023-09-03 13:26:16 0 [Note] InnoDB: Uses event mutexes
2023-09-03 13:26:16 0 [Note] InnoDB: Compressed tables use zlib 1.2.12
2023-09-03 13:26:16 0 [Note] InnoDB: Number of pools: 1
2023-09-03 13:26:16 0 [Note] InnoDB: Using SSE2 crc32 instructions
2023-09-03 13:26:16 0 [Note] InnoDB: Initializing buffer pool, total size = 16M, instances = 1, chunk size = 16M
2023-09-03 13:26:16 0 [Note] InnoDB: Completed initialization of buffer pool
2023-09-03 13:26:16 0 [Note] InnoDB: Starting crash recovery from checkpoint LSN=1720854
2023-09-03 13:26:17 0 [Note] InnoDB: 128 out of 128 rollback segments are active.
2023-09-03 13:26:17 0 [Note] InnoDB: Removed temporary tablespace data file: "ibtmp1"
2023-09-03 13:26:17 0 [Note] InnoDB: Creating shared tablespace for temporary tables
2023-09-03 13:26:17 0 [Note] InnoDB: Setting file 'D:\XAMPP\mysql\data\ibtmp1' size to 12 MB. Physically writing the file full; Please wait ...
2023-09-03 13:26:17 0 [Note] InnoDB: File 'D:\XAMPP\mysql\data\ibtmp1' size is now 12 MB.
2023-09-03 13:26:17 0 [Note] InnoDB: Waiting for purge to start
2023-09-03 13:26:17 0 [Note] InnoDB: 10.4.27 started; log sequence number 1720863; transaction id 2408
2023-09-03 13:26:17 0 [Note] InnoDB: Loading buffer pool(s) from D:\XAMPP\mysql\data\ib_buffer_pool
2023-09-03 13:26:17 0 [Note] Plugin 'FEEDBACK' is disabled.
2023-09-03 13:26:17 0 [Note] Server socket created on IP: '::'.
2023-09-07  9:07:40 0 [Note] InnoDB: Mutexes and rw_locks use Windows interlocked functions
2023-09-07  9:07:40 0 [Note] InnoDB: Uses event mutexes
2023-09-07  9:07:40 0 [Note] InnoDB: Compressed tables use zlib 1.2.12
2023-09-07  9:07:40 0 [Note] InnoDB: Number of pools: 1
2023-09-07  9:07:40 0 [Note] InnoDB: Using SSE2 crc32 instructions
2023-09-07  9:07:40 0 [Note] InnoDB: Initializing buffer pool, total size = 16M, instances = 1, chunk size = 16M
2023-09-07  9:07:40 0 [Note] InnoDB: Completed initialization of buffer pool
2023-09-07  9:07:40 0 [Note] InnoDB: Starting crash recovery from checkpoint LSN=1721927
2023-09-07  9:07:41 0 [Note] InnoDB: 128 out of 128 rollback segments are active.
2023-09-07  9:07:41 0 [Note] InnoDB: Removed temporary tablespace data file: "ibtmp1"
2023-09-07  9:07:41 0 [Note] InnoDB: Creating shared tablespace for temporary tables
2023-09-07  9:07:41 0 [Note] InnoDB: Setting file 'D:\XAMPP\mysql\data\ibtmp1' size to 12 MB. Physically writing the file full; Please wait ...
2023-09-07  9:07:41 0 [Note] InnoDB: File 'D:\XAMPP\mysql\data\ibtmp1' size is now 12 MB.
2023-09-07  9:07:41 0 [Note] InnoDB: Waiting for purge to start
2023-09-07  9:07:41 0 [Note] InnoDB: 10.4.27 started; log sequence number 1721936; transaction id 2438
2023-09-07  9:07:41 0 [Note] InnoDB: Loading buffer pool(s) from D:\XAMPP\mysql\data\ib_buffer_pool
2023-09-07  9:07:41 0 [Note] Plugin 'FEEDBACK' is disabled.
2023-09-07  9:07:41 0 [Note] InnoDB: Buffer pool(s) load completed at 230907  9:07:41
2023-09-07  9:07:41 0 [Note] Server socket created on IP: '::'.
2023-09-07 19:18:34 0 [Note] InnoDB: Mutexes and rw_locks use Windows interlocked functions
2023-09-07 19:18:34 0 [Note] InnoDB: Uses event mutexes
2023-09-07 19:18:34 0 [Note] InnoDB: Compressed tables use zlib 1.2.12
2023-09-07 19:18:34 0 [Note] InnoDB: Number of pools: 1
2023-09-07 19:18:34 0 [Note] InnoDB: Using SSE2 crc32 instructions
2023-09-07 19:18:34 0 [Note] InnoDB: Initializing buffer pool, total size = 16M, instances = 1, chunk size = 16M
2023-09-07 19:18:34 0 [Note] InnoDB: Completed initialization of buffer pool
2023-09-07 19:18:34 0 [Note] InnoDB: Starting crash recovery from checkpoint LSN=1733663
2023-09-07 19:18:36 0 [Note] InnoDB: 128 out of 128 rollback segments are active.
2023-09-07 19:18:36 0 [Note] InnoDB: Removed temporary tablespace data file: "ibtmp1"
2023-09-07 19:18:36 0 [Note] InnoDB: Creating shared tablespace for temporary tables
2023-09-07 19:18:36 0 [Note] InnoDB: Setting file 'D:\XAMPP\mysql\data\ibtmp1' size to 12 MB. Physically writing the file full; Please wait ...
2023-09-07 19:18:36 0 [Note] InnoDB: File 'D:\XAMPP\mysql\data\ibtmp1' size is now 12 MB.
2023-09-07 19:18:36 0 [Note] InnoDB: Waiting for purge to start
2023-09-07 19:18:36 0 [Note] InnoDB: 10.4.27 started; log sequence number 1733672; transaction id 2500
2023-09-07 19:18:36 0 [Note] Plugin 'FEEDBACK' is disabled.
2023-09-07 19:18:36 0 [Note] InnoDB: Loading buffer pool(s) from D:\XAMPP\mysql\data\ib_buffer_pool
2023-09-07 19:18:36 0 [Note] Server socket created on IP: '::'.
2023-09-11 21:41:46 0 [Note] InnoDB: Mutexes and rw_locks use Windows interlocked functions
2023-09-11 21:41:46 0 [Note] InnoDB: Uses event mutexes
2023-09-11 21:41:46 0 [Note] InnoDB: Compressed tables use zlib 1.2.12
2023-09-11 21:41:46 0 [Note] InnoDB: Number of pools: 1
2023-09-11 21:41:46 0 [Note] InnoDB: Using SSE2 crc32 instructions
2023-09-11 21:41:46 0 [Note] InnoDB: Initializing buffer pool, total size = 16M, instances = 1, chunk size = 16M
2023-09-11 21:41:46 0 [Note] InnoDB: Completed initialization of buffer pool
2023-09-11 21:41:46 0 [Note] InnoDB: Starting crash recovery from checkpoint LSN=1812729
2023-09-11 21:41:48 0 [Note] InnoDB: 128 out of 128 rollback segments are active.
2023-09-11 21:41:48 0 [Note] InnoDB: Removed temporary tablespace data file: "ibtmp1"
2023-09-11 21:41:48 0 [Note] InnoDB: Creating shared tablespace for temporary tables
2023-09-11 21:41:48 0 [Note] InnoDB: Setting file 'D:\XAMPP\mysql\data\ibtmp1' size to 12 MB. Physically writing the file full; Please wait ...
2023-09-11 21:41:48 0 [Note] InnoDB: File 'D:\XAMPP\mysql\data\ibtmp1' size is now 12 MB.
2023-09-11 21:41:48 0 [Note] InnoDB: Waiting for purge to start
2023-09-11 21:41:48 0 [Note] InnoDB: 10.4.27 started; log sequence number 1812738; transaction id 2663
2023-09-11 21:41:48 0 [Note] InnoDB: Loading buffer pool(s) from D:\XAMPP\mysql\data\ib_buffer_pool
2023-09-11 21:41:48 0 [Note] Plugin 'FEEDBACK' is disabled.
2023-09-11 21:41:48 0 [Note] InnoDB: Buffer pool(s) load completed at 230911 21:41:48
2023-09-11 21:41:48 0 [Note] Server socket created on IP: '::'.
2023-09-12  9:35:27 0 [Note] InnoDB: Mutexes and rw_locks use Windows interlocked functions
2023-09-12  9:35:27 0 [Note] InnoDB: Uses event mutexes
2023-09-12  9:35:27 0 [Note] InnoDB: Compressed tables use zlib 1.2.12
2023-09-12  9:35:27 0 [Note] InnoDB: Number of pools: 1
2023-09-12  9:35:27 0 [Note] InnoDB: Using SSE2 crc32 instructions
2023-09-12  9:35:27 0 [Note] InnoDB: Initializing buffer pool, total size = 16M, instances = 1, chunk size = 16M
2023-09-12  9:35:27 0 [Note] InnoDB: Completed initialization of buffer pool
2023-09-12  9:35:27 0 [Note] InnoDB: Starting crash recovery from checkpoint LSN=1898448
2023-09-12  9:35:29 0 [Note] InnoDB: 128 out of 128 rollback segments are active.
2023-09-12  9:35:29 0 [Note] InnoDB: Removed temporary tablespace data file: "ibtmp1"
2023-09-12  9:35:29 0 [Note] InnoDB: Creating shared tablespace for temporary tables
2023-09-12  9:35:29 0 [Note] InnoDB: Setting file 'D:\XAMPP\mysql\data\ibtmp1' size to 12 MB. Physically writing the file full; Please wait ...
2023-09-12  9:35:29 0 [Note] InnoDB: File 'D:\XAMPP\mysql\data\ibtmp1' size is now 12 MB.
2023-09-12  9:35:29 0 [Note] InnoDB: Waiting for purge to start
2023-09-12  9:35:29 0 [Note] InnoDB: 10.4.27 started; log sequence number 1898457; transaction id 2833
2023-09-12  9:35:29 0 [Note] InnoDB: Loading buffer pool(s) from D:\XAMPP\mysql\data\ib_buffer_pool
2023-09-12  9:35:29 0 [Note] Plugin 'FEEDBACK' is disabled.
2023-09-12  9:35:29 0 [Note] InnoDB: Buffer pool(s) load completed at 230912  9:35:29
2023-09-12  9:35:29 0 [Note] Server socket created on IP: '::'.
2023-09-13 20:51:06 0 [Note] InnoDB: Mutexes and rw_locks use Windows interlocked functions
2023-09-13 20:51:06 0 [Note] InnoDB: Uses event mutexes
2023-09-13 20:51:06 0 [Note] InnoDB: Compressed tables use zlib 1.2.12
2023-09-13 20:51:06 0 [Note] InnoDB: Number of pools: 1
2023-09-13 20:51:06 0 [Note] InnoDB: Using SSE2 crc32 instructions
2023-09-13 20:51:06 0 [Note] InnoDB: Initializing buffer pool, total size = 16M, instances = 1, chunk size = 16M
2023-09-13 20:51:06 0 [Note] InnoDB: Completed initialization of buffer pool
2023-09-13 20:51:06 0 [Note] InnoDB: Starting crash recovery from checkpoint LSN=2075624
2023-09-13 20:51:08 0 [Note] InnoDB: 128 out of 128 rollback segments are active.
2023-09-13 20:51:08 0 [Note] InnoDB: Removed temporary tablespace data file: "ibtmp1"
2023-09-13 20:51:08 0 [Note] InnoDB: Creating shared tablespace for temporary tables
2023-09-13 20:51:08 0 [Note] InnoDB: Setting file 'D:\XAMPP\mysql\data\ibtmp1' size to 12 MB. Physically writing the file full; Please wait ...
2023-09-13 20:51:08 0 [Note] InnoDB: File 'D:\XAMPP\mysql\data\ibtmp1' size is now 12 MB.
2023-09-13 20:51:08 0 [Note] InnoDB: Waiting for purge to start
2023-09-13 20:51:08 0 [Note] InnoDB: 10.4.27 started; log sequence number 2075633; transaction id 3037
2023-09-13 20:51:08 0 [Note] InnoDB: Loading buffer pool(s) from D:\XAMPP\mysql\data\ib_buffer_pool
2023-09-13 20:51:08 0 [Note] Plugin 'FEEDBACK' is disabled.
2023-09-13 20:51:08 0 [Note] InnoDB: Buffer pool(s) load completed at 230913 20:51:08
2023-09-13 20:51:08 0 [Note] Server socket created on IP: '::'.
2023-09-13 23:27:50 0 [ERROR] InnoDB: The innodb_system data file 'ibdata1' must be writable
2023-09-13 23:27:50 0 [ERROR] InnoDB: The innodb_system data file 'ibdata1' must be writable
2023-09-13 23:27:50 0 [ERROR] Plugin 'InnoDB' init function returned error.
2023-09-13 23:27:50 0 [ERROR] Plugin 'InnoDB' registration as a STORAGE ENGINE failed.
2023-09-13 23:27:50 0 [Note] Plugin 'FEEDBACK' is disabled.
2023-09-13 23:27:50 0 [ERROR] Unknown/unsupported storage engine: InnoDB
2023-09-13 23:27:50 0 [ERROR] Aborting
2023-09-13 23:40:30 0 [ERROR] InnoDB: The innodb_system data file 'ibdata1' must be writable
2023-09-13 23:40:30 0 [ERROR] InnoDB: The innodb_system data file 'ibdata1' must be writable
2023-09-13 23:40:30 0 [ERROR] Plugin 'InnoDB' init function returned error.
2023-09-13 23:40:30 0 [ERROR] Plugin 'InnoDB' registration as a STORAGE ENGINE failed.
2023-09-13 23:40:30 0 [Note] Plugin 'FEEDBACK' is disabled.
2023-09-13 23:40:31 0 [ERROR] Unknown/unsupported storage engine: InnoDB
2023-09-13 23:40:31 0 [ERROR] Aborting
2023-09-13 23:41:43 0 [ERROR] InnoDB: The innodb_system data file 'ibdata1' must be writable
2023-09-13 23:41:43 0 [ERROR] InnoDB: The innodb_system data file 'ibdata1' must be writable
2023-09-13 23:41:43 0 [ERROR] Plugin 'InnoDB' init function returned error.
2023-09-13 23:41:43 0 [ERROR] Plugin 'InnoDB' registration as a STORAGE ENGINE failed.
2023-09-13 23:41:43 0 [Note] Plugin 'FEEDBACK' is disabled.
2023-09-13 23:41:43 0 [ERROR] Unknown/unsupported storage engine: InnoDB
2023-09-13 23:41:43 0 [ERROR] Aborting
2023-09-13 23:42:58 0 [ERROR] InnoDB: The innodb_system data file 'ibdata1' must be writable
2023-09-13 23:42:58 0 [ERROR] InnoDB: The innodb_system data file 'ibdata1' must be writable
2023-09-13 23:42:58 0 [ERROR] Plugin 'InnoDB' init function returned error.
2023-09-13 23:42:58 0 [ERROR] Plugin 'InnoDB' registration as a STORAGE ENGINE failed.
2023-09-13 23:42:58 0 [Note] Plugin 'FEEDBACK' is disabled.
2023-09-13 23:42:58 0 [ERROR] Unknown/unsupported storage engine: InnoDB
2023-09-13 23:42:58 0 [ERROR] Aborting
2023-09-13 23:43:54 0 [ERROR] InnoDB: The innodb_system data file 'ibdata1' must be writable
2023-09-13 23:43:54 0 [ERROR] InnoDB: The innodb_system data file 'ibdata1' must be writable
2023-09-13 23:43:54 0 [ERROR] Plugin 'InnoDB' init function returned error.
2023-09-13 23:43:54 0 [ERROR] Plugin 'InnoDB' registration as a STORAGE ENGINE failed.
2023-09-13 23:43:54 0 [Note] Plugin 'FEEDBACK' is disabled.
2023-09-13 23:43:55 0 [ERROR] Unknown/unsupported storage engine: InnoDB
2023-09-13 23:43:55 0 [ERROR] Aborting
2023-09-13 23:44:35 0 [ERROR] InnoDB: The innodb_system data file 'ibdata1' must be writable
2023-09-13 23:44:35 0 [ERROR] InnoDB: The innodb_system data file 'ibdata1' must be writable
2023-09-13 23:44:35 0 [ERROR] Plugin 'InnoDB' init function returned error.
2023-09-13 23:44:35 0 [ERROR] Plugin 'InnoDB' registration as a STORAGE ENGINE failed.
2023-09-13 23:44:35 0 [Note] Plugin 'FEEDBACK' is disabled.
2023-09-13 23:44:35 0 [ERROR] Unknown/unsupported storage engine: InnoDB
2023-09-13 23:44:35 0 [ERROR] Aborting
2023-09-13 23:45:29 0 [ERROR] InnoDB: The innodb_system data file 'ibdata1' must be writable
2023-09-13 23:45:29 0 [ERROR] InnoDB: The innodb_system data file 'ibdata1' must be writable
2023-09-13 23:45:29 0 [ERROR] Plugin 'InnoDB' init function returned error.
2023-09-13 23:45:29 0 [ERROR] Plugin 'InnoDB' registration as a STORAGE ENGINE failed.
2023-09-13 23:45:29 0 [Note] Plugin 'FEEDBACK' is disabled.
2023-09-13 23:45:29 0 [ERROR] Unknown/unsupported storage engine: InnoDB
2023-09-13 23:45:29 0 [ERROR] Aborting
2023-09-15 20:08:59 0 [Note] InnoDB: Mutexes and rw_locks use Windows interlocked functions
2023-09-15 20:08:59 0 [Note] InnoDB: Uses event mutexes
2023-09-15 20:08:59 0 [Note] InnoDB: Compressed tables use zlib 1.2.12
2023-09-15 20:08:59 0 [Note] InnoDB: Number of pools: 1
2023-09-15 20:08:59 0 [Note] InnoDB: Using SSE2 crc32 instructions
2023-09-15 20:08:59 0 [Note] InnoDB: Initializing buffer pool, total size = 16M, instances = 1, chunk size = 16M
2023-09-15 20:08:59 0 [Note] InnoDB: Completed initialization of buffer pool
2023-09-15 20:09:00 0 [Note] InnoDB: Starting crash recovery from checkpoint LSN=2122143
2023-09-15 20:09:01 0 [Note] InnoDB: 128 out of 128 rollback segments are active.
2023-09-15 20:09:01 0 [Note] InnoDB: Removed temporary tablespace data file: "ibtmp1"
2023-09-15 20:09:01 0 [Note] InnoDB: Creating shared tablespace for temporary tables
2023-09-15 20:09:01 0 [Note] InnoDB: Setting file 'D:\XAMPP\mysql\data\ibtmp1' size to 12 MB. Physically writing the file full; Please wait ...
2023-09-15 20:09:01 0 [Note] InnoDB: File 'D:\XAMPP\mysql\data\ibtmp1' size is now 12 MB.
2023-09-15 20:09:01 0 [Note] InnoDB: Waiting for purge to start
2023-09-15 20:09:01 0 [Note] InnoDB: 10.4.27 started; log sequence number 2122152; transaction id 3175
2023-09-15 20:09:01 0 [Note] InnoDB: Loading buffer pool(s) from D:\XAMPP\mysql\data\ib_buffer_pool
2023-09-15 20:09:01 0 [Note] Plugin 'FEEDBACK' is disabled.
2023-09-15 20:09:01 0 [Note] InnoDB: Buffer pool(s) load completed at 230915 20:09:01
2023-09-15 20:09:01 0 [Note] Server socket created on IP: '::'.
2023-09-15 20:09:01 0 [Note] Reading of all Master_info entries succeeded
2023-09-15 20:09:01 0 [Note] Added new Master_info '' to hash table
2023-09-15 20:09:01 0 [Note] mysql\bin\mysqld.exe: ready for connections.
Version: '10.4.27-MariaDB'  socket: ''  port: 3306  mariadb.org binary distribution
2023-09-15 20:10:38 8 [Warning] Aborted connection 8 to db: 'better_bib' user: 'root' host: 'localhost' (Got an error reading communication packets)
2023-09-15 20:10:41 0 [ERROR] InnoDB: The innodb_system data file 'ibdata1' must be writable
2023-09-15 20:10:41 0 [ERROR] InnoDB: The innodb_system data file 'ibdata1' must be writable
2023-09-15 20:10:41 0 [ERROR] Plugin 'InnoDB' init function returned error.
2023-09-15 20:10:41 0 [ERROR] Plugin 'InnoDB' registration as a STORAGE ENGINE failed.
2023-09-15 20:10:41 0 [Note] Plugin 'FEEDBACK' is disabled.
2023-09-15 20:10:41 0 [ERROR] Unknown/unsupported storage engine: InnoDB
2023-09-15 20:10:41 0 [ERROR] Aborting
2023-09-15 20:11:27 9 [Warning] Aborted connection 9 to db: 'better_bib' user: 'root' host: 'localhost' (Got an error reading communication packets)
2023-09-15 20:11:29 0 [ERROR] InnoDB: The innodb_system data file 'ibdata1' must be writable
2023-09-15 20:11:29 0 [ERROR] InnoDB: The innodb_system data file 'ibdata1' must be writable
2023-09-15 20:11:29 0 [ERROR] Plugin 'InnoDB' init function returned error.
2023-09-15 20:11:29 0 [ERROR] Plugin 'InnoDB' registration as a STORAGE ENGINE failed.
2023-09-15 20:11:29 0 [Note] Plugin 'FEEDBACK' is disabled.
2023-09-15 20:11:29 0 [ERROR] Unknown/unsupported storage engine: InnoDB
2023-09-15 20:11:29 0 [ERROR] Aborting
2023-09-15 20:12:02 10 [Warning] Aborted connection 10 to db: 'better_bib' user: 'root' host: 'localhost' (Got an error reading communication packets)
2023-09-15 20:12:03 0 [ERROR] InnoDB: The innodb_system data file 'ibdata1' must be writable
2023-09-15 20:12:03 0 [ERROR] InnoDB: The innodb_system data file 'ibdata1' must be writable
2023-09-15 20:12:03 0 [ERROR] Plugin 'InnoDB' init function returned error.
2023-09-15 20:12:03 0 [ERROR] Plugin 'InnoDB' registration as a STORAGE ENGINE failed.
2023-09-15 20:12:03 0 [Note] Plugin 'FEEDBACK' is disabled.
2023-09-15 20:12:03 0 [ERROR] Unknown/unsupported storage engine: InnoDB
2023-09-15 20:12:03 0 [ERROR] Aborting
2023-09-15 20:13:08 11 [Warning] Aborted connection 11 to db: 'better_bib' user: 'root' host: 'localhost' (Got an error reading communication packets)
2023-09-16 23:14:23 0 [Note] InnoDB: Mutexes and rw_locks use Windows interlocked functions
2023-09-16 23:14:23 0 [Note] InnoDB: Uses event mutexes
2023-09-16 23:14:23 0 [Note] InnoDB: Compressed tables use zlib 1.2.12
2023-09-16 23:14:23 0 [Note] InnoDB: Number of pools: 1
2023-09-16 23:14:23 0 [Note] InnoDB: Using SSE2 crc32 instructions
2023-09-16 23:14:23 0 [Note] InnoDB: Initializing buffer pool, total size = 16M, instances = 1, chunk size = 16M
2023-09-16 23:14:23 0 [Note] InnoDB: Completed initialization of buffer pool
2023-09-16 23:14:23 0 [Note] InnoDB: Starting crash recovery from checkpoint LSN=2126510
2023-09-16 23:14:25 0 [Note] InnoDB: 128 out of 128 rollback segments are active.
2023-09-16 23:14:25 0 [Note] InnoDB: Removed temporary tablespace data file: "ibtmp1"
2023-09-16 23:14:25 0 [Note] InnoDB: Creating shared tablespace for temporary tables
2023-09-16 23:14:25 0 [Note] InnoDB: Setting file 'D:\XAMPP\mysql\data\ibtmp1' size to 12 MB. Physically writing the file full; Please wait ...
2023-09-16 23:14:25 0 [Note] InnoDB: File 'D:\XAMPP\mysql\data\ibtmp1' size is now 12 MB.
2023-09-16 23:14:25 0 [Note] InnoDB: Waiting for purge to start
2023-09-16 23:14:25 0 [Note] InnoDB: 10.4.27 started; log sequence number 2126519; transaction id 3198
2023-09-16 23:14:25 0 [Note] InnoDB: Loading buffer pool(s) from D:\XAMPP\mysql\data\ib_buffer_pool
2023-09-16 23:14:25 0 [Note] Plugin 'FEEDBACK' is disabled.
2023-09-16 23:14:25 0 [Note] Server socket created on IP: '::'.
2023-09-16 23:14:25 0 [Note] InnoDB: Buffer pool(s) load completed at 230916 23:14:25
2023-09-16 23:14:26 0 [Note] Reading of all Master_info entries succeeded
2023-09-16 23:14:26 0 [Note] Added new Master_info '' to hash table
2023-09-16 23:14:26 0 [Note] mysql\bin\mysqld.exe: ready for connections.
Version: '10.4.27-MariaDB'  socket: ''  port: 3306  mariadb.org binary distribution
2023-09-16 23:18:08 55 [Warning] Aborted connection 55 to db: 'bib' user: 'root' host: 'localhost' (Got an error reading communication packets)
2023-09-16 23:19:19 8 [Warning] Aborted connection 8 to db: 'better_bib' user: 'root' host: 'localhost' (Got an error reading communication packets)
2023-09-16 23:19:22 0 [ERROR] InnoDB: The innodb_system data file 'ibdata1' must be writable
2023-09-16 23:19:22 0 [ERROR] InnoDB: The innodb_system data file 'ibdata1' must be writable
2023-09-16 23:19:22 0 [ERROR] Plugin 'InnoDB' init function returned error.
2023-09-16 23:19:22 0 [ERROR] Plugin 'InnoDB' registration as a STORAGE ENGINE failed.
2023-09-16 23:19:22 0 [Note] Plugin 'FEEDBACK' is disabled.
2023-09-16 23:19:22 0 [ERROR] Unknown/unsupported storage engine: InnoDB
2023-09-16 23:19:22 0 [ERROR] Aborting
2023-09-16 23:21:06 64 [Warning] Aborted connection 64 to db: 'better_bib' user: 'root' host: 'localhost' (Got an error reading communication packets)
2023-09-17 13:37:44 0 [Note] InnoDB: Mutexes and rw_locks use Windows interlocked functions
2023-09-17 13:37:44 0 [Note] InnoDB: Uses event mutexes
2023-09-17 13:37:44 0 [Note] InnoDB: Compressed tables use zlib 1.2.12
2023-09-17 13:37:44 0 [Note] InnoDB: Number of pools: 1
2023-09-17 13:37:44 0 [Note] InnoDB: Using SSE2 crc32 instructions
2023-09-17 13:37:44 0 [Note] InnoDB: Initializing buffer pool, total size = 16M, instances = 1, chunk size = 16M
2023-09-17 13:37:44 0 [Note] InnoDB: Completed initialization of buffer pool
2023-09-17 13:37:44 0 [Note] InnoDB: Starting crash recovery from checkpoint LSN=2137840
2023-09-17 13:37:46 0 [Note] InnoDB: 128 out of 128 rollback segments are active.
2023-09-17 13:37:46 0 [Note] InnoDB: Removed temporary tablespace data file: "ibtmp1"
2023-09-17 13:37:46 0 [Note] InnoDB: Creating shared tablespace for temporary tables
2023-09-17 13:37:46 0 [Note] InnoDB: Setting file 'D:\XAMPP\mysql\data\ibtmp1' size to 12 MB. Physically writing the file full; Please wait ...
2023-09-17 13:37:46 0 [Note] InnoDB: File 'D:\XAMPP\mysql\data\ibtmp1' size is now 12 MB.
2023-09-17 13:37:46 0 [Note] InnoDB: Waiting for purge to start
2023-09-17 13:37:46 0 [Note] InnoDB: 10.4.27 started; log sequence number 2137849; transaction id 3250
2023-09-17 13:37:46 0 [Note] InnoDB: Loading buffer pool(s) from D:\XAMPP\mysql\data\ib_buffer_pool
2023-09-17 13:37:46 0 [Note] Plugin 'FEEDBACK' is disabled.
2023-09-17 13:37:46 0 [Note] Server socket created on IP: '::'.
2023-09-17 13:37:46 0 [Note] InnoDB: Buffer pool(s) load completed at 230917 13:37:46
2023-09-17 13:37:47 0 [Note] Reading of all Master_info entries succeeded
2023-09-17 13:37:47 0 [Note] Added new Master_info '' to hash table
2023-09-17 13:37:47 0 [Note] mysql\bin\mysqld.exe: ready for connections.
Version: '10.4.27-MariaDB'  socket: ''  port: 3306  mariadb.org binary distribution
2023-09-17 13:38:05 8 [Warning] Aborted connection 8 to db: 'better_bib' user: 'root' host: 'localhost' (Got an error reading communication packets)
2023-09-17 13:43:31 21 [Warning] Aborted connection 21 to db: 'better_bib' user: 'root' host: 'localhost' (Got an error reading communication packets)
2023-09-17 13:43:57 22 [Warning] Aborted connection 22 to db: 'better_bib' user: 'root' host: 'localhost' (Got an error reading communication packets)
2023-09-17 13:51:50 23 [Warning] Aborted connection 23 to db: 'better_bib' user: 'root' host: 'localhost' (Got an error reading communication packets)
2023-09-17 14:08:48 32 [Warning] Aborted connection 32 to db: 'better_bib' user: 'root' host: 'localhost' (Got an error reading communication packets)
2023-09-17 14:18:28 0 [Note] InnoDB: Mutexes and rw_locks use Windows interlocked functions
2023-09-17 14:18:28 0 [Note] InnoDB: Uses event mutexes
2023-09-17 14:18:28 0 [Note] InnoDB: Compressed tables use zlib 1.2.12
2023-09-17 14:18:28 0 [Note] InnoDB: Number of pools: 1
2023-09-17 14:18:28 0 [Note] InnoDB: Using SSE2 crc32 instructions
2023-09-17 14:18:28 0 [Note] InnoDB: Initializing buffer pool, total size = 16M, instances = 1, chunk size = 16M
2023-09-17 14:18:28 0 [Note] InnoDB: Completed initialization of buffer pool
2023-09-17 14:18:28 0 [Note] InnoDB: Starting crash recovery from checkpoint LSN=2138712
2023-09-17 14:18:28 0 [Note] InnoDB: 128 out of 128 rollback segments are active.
2023-09-17 14:18:28 0 [Note] InnoDB: Removed temporary tablespace data file: "ibtmp1"
2023-09-17 14:18:28 0 [Note] InnoDB: Creating shared tablespace for temporary tables
2023-09-17 14:18:28 0 [Note] InnoDB: Setting file 'D:\XAMPP\mysql\data\ibtmp1' size to 12 MB. Physically writing the file full; Please wait ...
2023-09-17 14:18:28 0 [Note] InnoDB: File 'D:\XAMPP\mysql\data\ibtmp1' size is now 12 MB.
2023-09-17 14:18:28 0 [Note] InnoDB: Waiting for purge to start
2023-09-17 14:18:28 0 [Note] InnoDB: 10.4.27 started; log sequence number 2138721; transaction id 3277
2023-09-17 14:18:28 0 [Note] InnoDB: Loading buffer pool(s) from D:\XAMPP\mysql\data\ib_buffer_pool
2023-09-17 14:18:28 0 [Note] Plugin 'FEEDBACK' is disabled.
2023-09-17 14:18:28 0 [Note] Server socket created on IP: '::'.
2023-09-17 14:36:36 0 [Note] InnoDB: Mutexes and rw_locks use Windows interlocked functions
2023-09-17 14:36:36 0 [Note] InnoDB: Uses event mutexes
2023-09-17 14:36:36 0 [Note] InnoDB: Compressed tables use zlib 1.2.12
2023-09-17 14:36:36 0 [Note] InnoDB: Number of pools: 1
2023-09-17 14:36:36 0 [Note] InnoDB: Using SSE2 crc32 instructions
2023-09-17 14:36:36 0 [Note] InnoDB: Initializing buffer pool, total size = 16M, instances = 1, chunk size = 16M
2023-09-17 14:36:36 0 [Note] InnoDB: Completed initialization of buffer pool
2023-09-17 14:36:37 0 [Note] InnoDB: Starting crash recovery from checkpoint LSN=2138730
2023-09-17 14:36:37 0 [Note] InnoDB: 128 out of 128 rollback segments are active.
2023-09-17 14:36:37 0 [Note] InnoDB: Removed temporary tablespace data file: "ibtmp1"
2023-09-17 14:36:37 0 [Note] InnoDB: Creating shared tablespace for temporary tables
2023-09-17 14:36:37 0 [Note] InnoDB: Setting file 'D:\XAMPP\mysql\data\ibtmp1' size to 12 MB. Physically writing the file full; Please wait ...
2023-09-17 14:36:37 0 [Note] InnoDB: File 'D:\XAMPP\mysql\data\ibtmp1' size is now 12 MB.
2023-09-17 14:36:37 0 [Note] InnoDB: Waiting for purge to start
2023-09-17 14:36:37 0 [Note] InnoDB: 10.4.27 started; log sequence number 2138739; transaction id 3277
2023-09-17 14:36:37 0 [Note] InnoDB: Loading buffer pool(s) from D:\XAMPP\mysql\data\ib_buffer_pool
2023-09-17 14:36:37 0 [Note] Plugin 'FEEDBACK' is disabled.
2023-09-17 14:36:37 0 [Note] Server socket created on IP: '::'.
2023-09-17 14:36:37 0 [Note] InnoDB: Buffer pool(s) load completed at 230917 14:36:37
2023-09-17 14:36:37 0 [Note] Reading of all Master_info entries succeeded
2023-09-17 14:36:37 0 [Note] Added new Master_info '' to hash table
2023-09-17 14:36:37 0 [Note] mysql\bin\mysqld.exe: ready for connections.
Version: '10.4.27-MariaDB'  socket: ''  port: 3306  mariadb.org binary distribution
2023-09-17 14:40:02 0 [Note] InnoDB: Mutexes and rw_locks use Windows interlocked functions
2023-09-17 14:40:02 0 [Note] InnoDB: Uses event mutexes
2023-09-17 14:40:02 0 [Note] InnoDB: Compressed tables use zlib 1.2.12
2023-09-17 14:40:02 0 [Note] InnoDB: Number of pools: 1
2023-09-17 14:40:02 0 [Note] InnoDB: Using SSE2 crc32 instructions
2023-09-17 14:40:02 0 [Note] InnoDB: Initializing buffer pool, total size = 16M, instances = 1, chunk size = 16M
2023-09-17 14:40:02 0 [Note] InnoDB: Completed initialization of buffer pool
2023-09-17 14:40:03 0 [Note] InnoDB: Starting crash recovery from checkpoint LSN=2138748
2023-09-17 14:40:03 0 [Note] InnoDB: 128 out of 128 rollback segments are active.
2023-09-17 14:40:03 0 [Note] InnoDB: Removed temporary tablespace data file: "ibtmp1"
2023-09-17 14:40:03 0 [Note] InnoDB: Creating shared tablespace for temporary tables
2023-09-17 14:40:03 0 [Note] InnoDB: Setting file 'D:\XAMPP\mysql\data\ibtmp1' size to 12 MB. Physically writing the file full; Please wait ...
2023-09-17 14:40:03 0 [Note] InnoDB: File 'D:\XAMPP\mysql\data\ibtmp1' size is now 12 MB.
2023-09-17 14:40:03 0 [Note] InnoDB: Waiting for purge to start
2023-09-17 14:40:03 0 [Note] InnoDB: 10.4.27 started; log sequence number 2138757; transaction id 3277
2023-09-17 14:40:03 0 [Note] InnoDB: Loading buffer pool(s) from D:\XAMPP\mysql\data\ib_buffer_pool
2023-09-17 14:40:03 0 [Note] Plugin 'FEEDBACK' is disabled.
2023-09-17 14:40:03 0 [Note] Server socket created on IP: '::'.
2023-09-17 14:40:03 0 [Note] InnoDB: Buffer pool(s) load completed at 230917 14:40:03
2023-09-17 14:40:03 0 [Note] Reading of all Master_info entries succeeded
2023-09-17 14:40:03 0 [Note] Added new Master_info '' to hash table
2023-09-17 14:40:03 0 [Note] mysql\bin\mysqld.exe: ready for connections.
Version: '10.4.27-MariaDB'  socket: ''  port: 3306  mariadb.org binary distribution
2023-09-17 14:43:18 0 [Note] InnoDB: Mutexes and rw_locks use Windows interlocked functions
2023-09-17 14:43:18 0 [Note] InnoDB: Uses event mutexes
2023-09-17 14:43:18 0 [Note] InnoDB: Compressed tables use zlib 1.2.12
2023-09-17 14:43:18 0 [Note] InnoDB: Number of pools: 1
2023-09-17 14:43:18 0 [Note] InnoDB: Using SSE2 crc32 instructions
2023-09-17 14:43:18 0 [Note] InnoDB: Initializing buffer pool, total size = 16M, instances = 1, chunk size = 16M
2023-09-17 14:43:18 0 [Note] InnoDB: Completed initialization of buffer pool
2023-09-17 14:43:18 0 [Note] InnoDB: Starting crash recovery from checkpoint LSN=2138766
2023-09-17 14:43:18 0 [Note] InnoDB: 128 out of 128 rollback segments are active.
2023-09-17 14:43:18 0 [Note] InnoDB: Removed temporary tablespace data file: "ibtmp1"
2023-09-17 14:43:18 0 [Note] InnoDB: Creating shared tablespace for temporary tables
2023-09-17 14:43:18 0 [Note] InnoDB: Setting file 'D:\XAMPP\mysql\data\ibtmp1' size to 12 MB. Physically writing the file full; Please wait ...
2023-09-17 14:43:18 0 [Note] InnoDB: File 'D:\XAMPP\mysql\data\ibtmp1' size is now 12 MB.
2023-09-17 14:43:18 0 [Note] InnoDB: Waiting for purge to start
2023-09-17 14:43:18 0 [Note] InnoDB: 10.4.27 started; log sequence number 2138775; transaction id 3277
2023-09-17 14:43:18 0 [Note] InnoDB: Loading buffer pool(s) from D:\XAMPP\mysql\data\ib_buffer_pool
2023-09-17 14:43:18 0 [Note] Plugin 'FEEDBACK' is disabled.
2023-09-17 14:43:18 0 [Note] Server socket created on IP: '::'.
2023-09-17 14:43:18 0 [Note] InnoDB: Buffer pool(s) load completed at 230917 14:43:18
2023-09-17 14:43:18 0 [Note] Reading of all Master_info entries succeeded
2023-09-17 14:43:18 0 [Note] Added new Master_info '' to hash table
2023-09-17 14:43:18 0 [Note] mysql\bin\mysqld.exe: ready for connections.
Version: '10.4.27-MariaDB'  socket: ''  port: 3306  mariadb.org binary distribution
2023-09-17 14:44:06 8 [Warning] Aborted connection 8 to db: 'better_bib' user: 'root' host: 'localhost' (Got an error reading communication packets)
2023-09-17 14:44:22 9 [Warning] Aborted connection 9 to db: 'better_bib' user: 'root' host: 'localhost' (Got an error reading communication packets)
2023-09-17 14:47:00 10 [Warning] Aborted connection 10 to db: 'better_bib' user: 'root' host: 'localhost' (Got an error reading communication packets)
2023-09-17 14:48:40 11 [Warning] Aborted connection 11 to db: 'better_bib' user: 'root' host: 'localhost' (Got an error reading communication packets)
2023-09-17 14:52:00 0 [ERROR] InnoDB: The innodb_system data file 'ibdata1' must be writable
2023-09-17 14:52:00 0 [ERROR] InnoDB: The innodb_system data file 'ibdata1' must be writable
2023-09-17 14:52:00 0 [ERROR] Plugin 'InnoDB' init function returned error.
2023-09-17 14:52:00 0 [ERROR] Plugin 'InnoDB' registration as a STORAGE ENGINE failed.
2023-09-17 14:52:00 0 [Note] Plugin 'FEEDBACK' is disabled.
2023-09-17 14:52:00 0 [ERROR] Unknown/unsupported storage engine: InnoDB
2023-09-17 14:52:00 0 [ERROR] Aborting
2023-09-17 14:52:21 0 [ERROR] InnoDB: The innodb_system data file 'ibdata1' must be writable
2023-09-17 14:52:21 0 [ERROR] InnoDB: The innodb_system data file 'ibdata1' must be writable
2023-09-17 14:52:21 0 [ERROR] Plugin 'InnoDB' init function returned error.
2023-09-17 14:52:21 0 [ERROR] Plugin 'InnoDB' registration as a STORAGE ENGINE failed.
2023-09-17 14:52:21 0 [Note] Plugin 'FEEDBACK' is disabled.
2023-09-17 14:52:21 0 [ERROR] Unknown/unsupported storage engine: InnoDB
2023-09-17 14:52:21 0 [ERROR] Aborting
2023-09-17 14:59:38 12 [Warning] Aborted connection 12 to db: 'better_bib' user: 'root' host: 'localhost' (Got an error reading communication packets)
2023-09-17 14:59:59 13 [Warning] Aborted connection 13 to db: 'better_bib' user: 'root' host: 'localhost' (Got an error reading communication packets)
2023-09-17 15:01:19 14 [Warning] Aborted connection 14 to db: 'better_bib' user: 'root' host: 'localhost' (Got an error reading communication packets)
2023-09-17 15:01:36 15 [Warning] Aborted connection 15 to db: 'better_bib' user: 'root' host: 'localhost' (Got an error reading communication packets)
2023-09-17 15:02:08 16 [Warning] Aborted connection 16 to db: 'better_bib' user: 'root' host: 'localhost' (Got an error reading communication packets)
2023-09-17 15:02:26 17 [Warning] Aborted connection 17 to db: 'better_bib' user: 'root' host: 'localhost' (Got an error reading communication packets)
2023-09-17 15:03:26 18 [Warning] Aborted connection 18 to db: 'better_bib' user: 'root' host: 'localhost' (Got an error reading communication packets)
2023-09-17 15:11:09 19 [Warning] Aborted connection 19 to db: 'better_bib' user: 'root' host: 'localhost' (Got an error reading communication packets)
2023-09-17 18:41:29 20 [Warning] Aborted connection 20 to db: 'better_bib' user: 'root' host: 'localhost' (Got an error reading communication packets)
2023-09-17 18:41:46 21 [Warning] Aborted connection 21 to db: 'bib' user: 'root' host: 'localhost' (Got an error reading communication packets)
2023-09-17 18:56:05 24 [Warning] Aborted connection 24 to db: 'unconnected' user: 'root' host: 'localhost' (Got an error reading communication packets)
2023-09-17 19:00:24 40 [Warning] Aborted connection 40 to db: 'libary' user: 'root' host: 'localhost' (Got an error reading communication packets)
2023-09-17 19:01:19 63 [Warning] Aborted connection 63 to db: 'unconnected' user: 'root' host: 'localhost' (Got an error reading communication packets)
2023-09-17 19:05:18 75 [Warning] Aborted connection 75 to db: 'unconnected' user: 'root' host: 'localhost' (Got an error reading communication packets)
2023-09-17 19:05:19 64 [Warning] Aborted connection 64 to db: 'unconnected' user: 'root' host: 'localhost' (Got an error reading communication packets)
2023-09-17 19:05:21 25 [Warning] Aborted connection 25 to db: 'unconnected' user: 'root' host: 'localhost' (Got an error reading communication packets)
2023-09-17 19:06:26 80 [Warning] Aborted connection 80 to db: 'libary' user: 'root' host: 'localhost' (Got an error reading communication packets)
2023-09-17 19:12:00 97 [Warning] Aborted connection 97 to db: 'libary' user: 'root' host: 'localhost' (Got an error reading communication packets)
2023-09-17 19:12:22 112 [Warning] Aborted connection 112 to db: 'libary' user: 'root' host: 'localhost' (Got an error reading communication packets)
2023-09-17 19:13:55 96 [Warning] Aborted connection 96 to db: 'unconnected' user: 'root' host: 'localhost' (Got an error reading communication packets)
2023-09-17 19:13:57 91 [Warning] Aborted connection 91 to db: 'unconnected' user: 'root' host: 'localhost' (Got an error reading communication packets)
2023-09-17 19:21:51 113 [Warning] Aborted connection 113 to db: 'libary' user: 'root' host: 'localhost' (Got an error reading communication packets)
2023-09-17 19:22:19 114 [Warning] Aborted connection 114 to db: 'libary' user: 'root' host: 'localhost' (Got an error reading communication packets)
2023-09-17 20:50:15 0 [Note] InnoDB: Mutexes and rw_locks use Windows interlocked functions
2023-09-17 20:50:15 0 [Note] InnoDB: Uses event mutexes
2023-09-17 20:50:15 0 [Note] InnoDB: Compressed tables use zlib 1.2.12
2023-09-17 20:50:15 0 [Note] InnoDB: Number of pools: 1
2023-09-17 20:50:15 0 [Note] InnoDB: Using SSE2 crc32 instructions
2023-09-17 20:50:15 0 [Note] InnoDB: Initializing buffer pool, total size = 16M, instances = 1, chunk size = 16M
2023-09-17 20:50:15 0 [Note] InnoDB: Completed initialization of buffer pool
2023-09-17 20:50:15 0 [Note] InnoDB: Starting crash recovery from checkpoint LSN=2255780
2023-09-17 20:50:16 0 [Note] InnoDB: 128 out of 128 rollback segments are active.
2023-09-17 20:50:16 0 [Note] InnoDB: Removed temporary tablespace data file: "ibtmp1"
2023-09-17 20:50:16 0 [Note] InnoDB: Creating shared tablespace for temporary tables
2023-09-17 20:50:16 0 [Note] InnoDB: Setting file 'D:\XAMPP\mysql\data\ibtmp1' size to 12 MB. Physically writing the file full; Please wait ...
2023-09-17 20:50:16 0 [Note] InnoDB: File 'D:\XAMPP\mysql\data\ibtmp1' size is now 12 MB.
2023-09-17 20:50:16 0 [Note] InnoDB: Waiting for purge to start
2023-09-17 20:50:16 0 [Note] InnoDB: 10.4.27 started; log sequence number 2255789; transaction id 3488
2023-09-17 20:50:16 0 [Note] InnoDB: Loading buffer pool(s) from D:\XAMPP\mysql\data\ib_buffer_pool
2023-09-17 20:50:16 0 [Note] Plugin 'FEEDBACK' is disabled.
2023-09-17 20:50:16 0 [Note] Server socket created on IP: '::'.
2023-09-17 20:50:16 0 [Note] InnoDB: Buffer pool(s) load completed at 230917 20:50:16
2023-09-17 20:50:16 0 [Note] Reading of all Master_info entries succeeded
2023-09-17 20:50:16 0 [Note] Added new Master_info '' to hash table
2023-09-17 20:50:16 0 [Note] mysql\bin\mysqld.exe: ready for connections.
Version: '10.4.27-MariaDB'  socket: ''  port: 3306  mariadb.org binary distribution
2023-09-17 20:50:29 8 [Warning] Aborted connection 8 to db: 'libary' user: 'root' host: 'localhost' (Got an error reading communication packets)
2023-09-18 20:39:04 0 [Note] InnoDB: Mutexes and rw_locks use Windows interlocked functions
2023-09-18 20:39:04 0 [Note] InnoDB: Uses event mutexes
2023-09-18 20:39:04 0 [Note] InnoDB: Compressed tables use zlib 1.2.12
2023-09-18 20:39:04 0 [Note] InnoDB: Number of pools: 1
2023-09-18 20:39:04 0 [Note] InnoDB: Using SSE2 crc32 instructions
2023-09-18 20:39:04 0 [Note] InnoDB: Initializing buffer pool, total size = 16M, instances = 1, chunk size = 16M
2023-09-18 20:39:04 0 [Note] InnoDB: Completed initialization of buffer pool
2023-09-18 20:39:04 0 [Note] InnoDB: Starting crash recovery from checkpoint LSN=2255798
2023-09-18 20:39:05 0 [Note] InnoDB: 128 out of 128 rollback segments are active.
2023-09-18 20:39:05 0 [Note] InnoDB: Removed temporary tablespace data file: "ibtmp1"
2023-09-18 20:39:05 0 [Note] InnoDB: Creating shared tablespace for temporary tables
2023-09-18 20:39:05 0 [Note] InnoDB: Setting file 'D:\XAMPP\mysql\data\ibtmp1' size to 12 MB. Physically writing the file full; Please wait ...
2023-09-18 20:39:05 0 [Note] InnoDB: File 'D:\XAMPP\mysql\data\ibtmp1' size is now 12 MB.
2023-09-18 20:39:05 0 [Note] InnoDB: Waiting for purge to start
2023-09-18 20:39:06 0 [Note] InnoDB: 10.4.27 started; log sequence number 2255807; transaction id 3488
2023-09-18 20:39:06 0 [Note] InnoDB: Loading buffer pool(s) from D:\XAMPP\mysql\data\ib_buffer_pool
2023-09-18 20:39:06 0 [Note] Plugin 'FEEDBACK' is disabled.
2023-09-18 20:39:06 0 [Note] Server socket created on IP: '::'.
2023-09-18 20:39:06 0 [Note] InnoDB: Buffer pool(s) load completed at 230918 20:39:06
2023-09-18 20:39:06 0 [Note] Reading of all Master_info entries succeeded
2023-09-18 20:39:06 0 [Note] Added new Master_info '' to hash table
2023-09-18 20:39:06 0 [Note] mysql\bin\mysqld.exe: ready for connections.
Version: '10.4.27-MariaDB'  socket: ''  port: 3306  mariadb.org binary distribution
2023-09-18 20:39:18 8 [Warning] Aborted connection 8 to db: 'libary' user: 'root' host: 'localhost' (Got an error reading communication packets)
2023-09-18 20:58:05 9 [Warning] Aborted connection 9 to db: 'better_bib' user: 'root' host: 'localhost' (Got an error reading communication packets)
2023-09-18 20:58:40 0 [Note] InnoDB: Mutexes and rw_locks use Windows interlocked functions
2023-09-18 20:58:40 0 [Note] InnoDB: Uses event mutexes
2023-09-18 20:58:40 0 [Note] InnoDB: Compressed tables use zlib 1.2.12
2023-09-18 20:58:40 0 [Note] InnoDB: Number of pools: 1
2023-09-18 20:58:40 0 [Note] InnoDB: Using SSE2 crc32 instructions
2023-09-18 20:58:40 0 [Note] InnoDB: Initializing buffer pool, total size = 16M, instances = 1, chunk size = 16M
2023-09-18 20:58:40 0 [Note] InnoDB: Completed initialization of buffer pool
2023-09-18 20:58:40 0 [Note] InnoDB: Starting crash recovery from checkpoint LSN=2255816
2023-09-18 20:58:41 0 [Note] InnoDB: 128 out of 128 rollback segments are active.
2023-09-18 20:58:41 0 [Note] InnoDB: Removed temporary tablespace data file: "ibtmp1"
2023-09-18 20:58:41 0 [Note] InnoDB: Creating shared tablespace for temporary tables
2023-09-18 20:58:41 0 [Note] InnoDB: Setting file 'D:\XAMPP\mysql\data\ibtmp1' size to 12 MB. Physically writing the file full; Please wait ...
2023-09-18 20:58:41 0 [Note] InnoDB: File 'D:\XAMPP\mysql\data\ibtmp1' size is now 12 MB.
2023-09-18 20:58:41 0 [Note] InnoDB: Waiting for purge to start
2023-09-18 20:58:41 0 [Note] InnoDB: 10.4.27 started; log sequence number 2255825; transaction id 3488
2023-09-18 20:58:41 0 [Note] InnoDB: Loading buffer pool(s) from D:\XAMPP\mysql\data\ib_buffer_pool
2023-09-18 20:58:41 0 [Note] Plugin 'FEEDBACK' is disabled.
2023-09-18 20:58:41 0 [Note] Server socket created on IP: '::'.
2023-09-18 20:58:41 0 [Note] InnoDB: Buffer pool(s) load completed at 230918 20:58:41
2023-09-18 20:58:41 0 [Note] Reading of all Master_info entries succeeded
2023-09-18 20:58:41 0 [Note] Added new Master_info '' to hash table
2023-09-18 20:58:41 0 [Note] mysql\bin\mysqld.exe: ready for connections.
Version: '10.4.27-MariaDB'  socket: ''  port: 3306  mariadb.org binary distribution
2023-09-18 20:59:00 8 [Warning] Aborted connection 8 to db: 'better_bib' user: 'root' host: 'localhost' (Got an error reading communication packets)
2023-09-18 21:08:09 0 [Note] InnoDB: Mutexes and rw_locks use Windows interlocked functions
2023-09-18 21:08:09 0 [Note] InnoDB: Uses event mutexes
2023-09-18 21:08:09 0 [Note] InnoDB: Compressed tables use zlib 1.2.12
2023-09-18 21:08:09 0 [Note] InnoDB: Number of pools: 1
2023-09-18 21:08:09 0 [Note] InnoDB: Using SSE2 crc32 instructions
2023-09-18 21:08:09 0 [Note] InnoDB: Initializing buffer pool, total size = 16M, instances = 1, chunk size = 16M
2023-09-18 21:08:09 0 [Note] InnoDB: Completed initialization of buffer pool
2023-09-18 21:08:09 0 [Note] InnoDB: Starting crash recovery from checkpoint LSN=2255834
2023-09-18 21:08:09 0 [Note] InnoDB: 128 out of 128 rollback segments are active.
2023-09-18 21:08:09 0 [Note] InnoDB: Removed temporary tablespace data file: "ibtmp1"
2023-09-18 21:08:09 0 [Note] InnoDB: Creating shared tablespace for temporary tables
2023-09-18 21:08:09 0 [Note] InnoDB: Setting file 'D:\XAMPP\mysql\data\ibtmp1' size to 12 MB. Physically writing the file full; Please wait ...
2023-09-18 21:08:09 0 [Note] InnoDB: File 'D:\XAMPP\mysql\data\ibtmp1' size is now 12 MB.
2023-09-18 21:08:09 0 [Note] InnoDB: Waiting for purge to start
2023-09-18 21:08:09 0 [Note] InnoDB: 10.4.27 started; log sequence number 2255843; transaction id 3488
2023-09-18 21:08:09 0 [Note] InnoDB: Loading buffer pool(s) from D:\XAMPP\mysql\data\ib_buffer_pool
2023-09-18 21:08:09 0 [Note] Plugin 'FEEDBACK' is disabled.
2023-09-18 21:08:09 0 [Note] Server socket created on IP: '::'.
2023-09-18 21:08:09 0 [Note] InnoDB: Buffer pool(s) load completed at 230918 21:08:09
2023-09-18 21:08:09 0 [Note] Reading of all Master_info entries succeeded
2023-09-18 21:08:09 0 [Note] Added new Master_info '' to hash table
2023-09-18 21:08:09 0 [Note] mysql\bin\mysqld.exe: ready for connections.
Version: '10.4.27-MariaDB'  socket: ''  port: 3306  mariadb.org binary distribution
2023-09-18 21:08:20 8 [Warning] Aborted connection 8 to db: 'better_bib' user: 'root' host: 'localhost' (Got an error reading communication packets)
2023-09-18 21:09:59 9 [Warning] Aborted connection 9 to db: 'better_bib' user: 'root' host: 'localhost' (Got an error reading communication packets)
2023-09-18 21:10:13 0 [Note] InnoDB: Mutexes and rw_locks use Windows interlocked functions
2023-09-18 21:10:13 0 [Note] InnoDB: Uses event mutexes
2023-09-18 21:10:13 0 [Note] InnoDB: Compressed tables use zlib 1.2.12
2023-09-18 21:10:13 0 [Note] InnoDB: Number of pools: 1
2023-09-18 21:10:13 0 [Note] InnoDB: Using SSE2 crc32 instructions
2023-09-18 21:10:13 0 [Note] InnoDB: Initializing buffer pool, total size = 16M, instances = 1, chunk size = 16M
2023-09-18 21:10:13 0 [Note] InnoDB: Completed initialization of buffer pool
2023-09-18 21:10:13 0 [Note] InnoDB: Starting crash recovery from checkpoint LSN=2255852
2023-09-18 21:10:13 0 [Note] InnoDB: 128 out of 128 rollback segments are active.
2023-09-18 21:10:13 0 [Note] InnoDB: Removed temporary tablespace data file: "ibtmp1"
2023-09-18 21:10:13 0 [Note] InnoDB: Creating shared tablespace for temporary tables
2023-09-18 21:10:13 0 [Note] InnoDB: Setting file 'D:\XAMPP\mysql\data\ibtmp1' size to 12 MB. Physically writing the file full; Please wait ...
2023-09-18 21:10:13 0 [Note] InnoDB: File 'D:\XAMPP\mysql\data\ibtmp1' size is now 12 MB.
2023-09-18 21:10:13 0 [Note] InnoDB: Waiting for purge to start
2023-09-18 21:10:14 0 [Note] InnoDB: 10.4.27 started; log sequence number 2255861; transaction id 3488
2023-09-18 21:10:14 0 [Note] InnoDB: Loading buffer pool(s) from D:\XAMPP\mysql\data\ib_buffer_pool
2023-09-18 21:10:14 0 [Note] Plugin 'FEEDBACK' is disabled.
2023-09-18 21:10:14 0 [Note] Server socket created on IP: '::'.
2023-09-18 21:10:14 0 [Note] InnoDB: Buffer pool(s) load completed at 230918 21:10:14
2023-09-18 21:10:14 0 [Note] Reading of all Master_info entries succeeded
2023-09-18 21:10:14 0 [Note] Added new Master_info '' to hash table
2023-09-18 21:10:14 0 [Note] mysql\bin\mysqld.exe: ready for connections.
Version: '10.4.27-MariaDB'  socket: ''  port: 3306  mariadb.org binary distribution
2023-09-18 21:10:26 8 [Warning] Aborted connection 8 to db: 'better_bib' user: 'root' host: 'localhost' (Got an error reading communication packets)
2023-09-18 21:11:04 9 [Warning] Aborted connection 9 to db: 'better_bib' user: 'root' host: 'localhost' (Got an error reading communication packets)
2023-09-18 21:12:16 0 [Note] InnoDB: Mutexes and rw_locks use Windows interlocked functions
2023-09-18 21:12:16 0 [Note] InnoDB: Uses event mutexes
2023-09-18 21:12:16 0 [Note] InnoDB: Compressed tables use zlib 1.2.12
2023-09-18 21:12:16 0 [Note] InnoDB: Number of pools: 1
2023-09-18 21:12:16 0 [Note] InnoDB: Using SSE2 crc32 instructions
2023-09-18 21:12:16 0 [Note] InnoDB: Initializing buffer pool, total size = 16M, instances = 1, chunk size = 16M
2023-09-18 21:12:16 0 [Note] InnoDB: Completed initialization of buffer pool
2023-09-18 21:12:16 0 [Note] InnoDB: Starting crash recovery from checkpoint LSN=2255886
2023-09-18 21:12:16 0 [Note] InnoDB: 128 out of 128 rollback segments are active.
2023-09-18 21:12:16 0 [Note] InnoDB: Removed temporary tablespace data file: "ibtmp1"
2023-09-18 21:12:16 0 [Note] InnoDB: Creating shared tablespace for temporary tables
2023-09-18 21:12:16 0 [Note] InnoDB: Setting file 'D:\XAMPP\mysql\data\ibtmp1' size to 12 MB. Physically writing the file full; Please wait ...
2023-09-18 21:12:16 0 [Note] InnoDB: File 'D:\XAMPP\mysql\data\ibtmp1' size is now 12 MB.
2023-09-18 21:12:16 0 [Note] InnoDB: Waiting for purge to start
2023-09-18 21:12:16 0 [Note] InnoDB: 10.4.27 started; log sequence number 2255895; transaction id 3488
2023-09-18 21:12:16 0 [Note] InnoDB: Loading buffer pool(s) from D:\XAMPP\mysql\data\ib_buffer_pool
2023-09-18 21:12:16 0 [Note] Plugin 'FEEDBACK' is disabled.
2023-09-18 21:12:16 0 [Note] Server socket created on IP: '::'.
2023-09-18 21:12:16 0 [Note] InnoDB: Buffer pool(s) load completed at 230918 21:12:16
2023-09-18 21:12:16 0 [Note] Reading of all Master_info entries succeeded
2023-09-18 21:12:16 0 [Note] Added new Master_info '' to hash table
2023-09-18 21:12:16 0 [Note] mysql\bin\mysqld.exe: ready for connections.
Version: '10.4.27-MariaDB'  socket: ''  port: 3306  mariadb.org binary distribution
2023-09-18 21:12:27 8 [Warning] Aborted connection 8 to db: 'better_bib' user: 'root' host: 'localhost' (Got an error reading communication packets)
2023-09-18 21:15:03 0 [Note] InnoDB: Mutexes and rw_locks use Windows interlocked functions
2023-09-18 21:15:03 0 [Note] InnoDB: Uses event mutexes
2023-09-18 21:15:03 0 [Note] InnoDB: Compressed tables use zlib 1.2.12
2023-09-18 21:15:03 0 [Note] InnoDB: Number of pools: 1
2023-09-18 21:15:03 0 [Note] InnoDB: Using SSE2 crc32 instructions
2023-09-18 21:15:03 0 [Note] InnoDB: Initializing buffer pool, total size = 16M, instances = 1, chunk size = 16M
2023-09-18 21:15:03 0 [Note] InnoDB: Completed initialization of buffer pool
2023-09-18 21:15:03 0 [Note] InnoDB: Starting crash recovery from checkpoint LSN=2255904
2023-09-18 21:15:04 0 [Note] InnoDB: 128 out of 128 rollback segments are active.
2023-09-18 21:15:04 0 [Note] InnoDB: Removed temporary tablespace data file: "ibtmp1"
2023-09-18 21:15:04 0 [Note] InnoDB: Creating shared tablespace for temporary tables
2023-09-18 21:15:04 0 [Note] InnoDB: Setting file 'D:\XAMPP\mysql\data\ibtmp1' size to 12 MB. Physically writing the file full; Please wait ...
2023-09-18 21:15:04 0 [Note] InnoDB: File 'D:\XAMPP\mysql\data\ibtmp1' size is now 12 MB.
2023-09-18 21:15:04 0 [Note] InnoDB: Waiting for purge to start
2023-09-18 21:15:04 0 [Note] InnoDB: 10.4.27 started; log sequence number 2255913; transaction id 3488
2023-09-18 21:15:04 0 [Note] InnoDB: Loading buffer pool(s) from D:\XAMPP\mysql\data\ib_buffer_pool
2023-09-18 21:15:04 0 [Note] Plugin 'FEEDBACK' is disabled.
2023-09-18 21:15:04 0 [Note] Server socket created on IP: '::'.
2023-09-18 21:15:04 0 [Note] InnoDB: Buffer pool(s) load completed at 230918 21:15:04
2023-09-18 21:15:04 0 [Note] Reading of all Master_info entries succeeded
2023-09-18 21:15:04 0 [Note] Added new Master_info '' to hash table
2023-09-18 21:15:04 0 [Note] mysql\bin\mysqld.exe: ready for connections.
Version: '10.4.27-MariaDB'  socket: ''  port: 3306  mariadb.org binary distribution
2023-09-18 21:15:15 8 [Warning] Aborted connection 8 to db: 'better_bib' user: 'root' host: 'localhost' (Got an error reading communication packets)
2023-09-18 21:15:20 9 [Warning] Aborted connection 9 to db: 'better_bib' user: 'root' host: 'localhost' (Got an error reading communication packets)
2023-09-18 21:15:31 0 [Note] InnoDB: Mutexes and rw_locks use Windows interlocked functions
2023-09-18 21:15:31 0 [Note] InnoDB: Uses event mutexes
2023-09-18 21:15:31 0 [Note] InnoDB: Compressed tables use zlib 1.2.12
2023-09-18 21:15:31 0 [Note] InnoDB: Number of pools: 1
2023-09-18 21:15:31 0 [Note] InnoDB: Using SSE2 crc32 instructions
2023-09-18 21:15:31 0 [Note] InnoDB: Initializing buffer pool, total size = 16M, instances = 1, chunk size = 16M
2023-09-18 21:15:31 0 [Note] InnoDB: Completed initialization of buffer pool
2023-09-18 21:15:31 0 [Note] InnoDB: Starting crash recovery from checkpoint LSN=2255922
2023-09-18 21:15:31 0 [Note] InnoDB: 128 out of 128 rollback segments are active.
2023-09-18 21:15:31 0 [Note] InnoDB: Removed temporary tablespace data file: "ibtmp1"
2023-09-18 21:15:31 0 [Note] InnoDB: Creating shared tablespace for temporary tables
2023-09-18 21:15:31 0 [Note] InnoDB: Setting file 'D:\XAMPP\mysql\data\ibtmp1' size to 12 MB. Physically writing the file full; Please wait ...
2023-09-18 21:15:31 0 [Note] InnoDB: File 'D:\XAMPP\mysql\data\ibtmp1' size is now 12 MB.
2023-09-18 21:15:31 0 [Note] InnoDB: Waiting for purge to start
2023-09-18 21:15:31 0 [Note] InnoDB: 10.4.27 started; log sequence number 2255931; transaction id 3488
2023-09-18 21:15:31 0 [Note] InnoDB: Loading buffer pool(s) from D:\XAMPP\mysql\data\ib_buffer_pool
2023-09-18 21:15:31 0 [Note] Plugin 'FEEDBACK' is disabled.
2023-09-18 21:15:31 0 [Note] Server socket created on IP: '::'.
2023-09-18 21:15:31 0 [Note] InnoDB: Buffer pool(s) load completed at 230918 21:15:31
2023-09-18 21:15:31 0 [Note] Reading of all Master_info entries succeeded
2023-09-18 21:15:31 0 [Note] Added new Master_info '' to hash table
2023-09-18 21:15:31 0 [Note] mysql\bin\mysqld.exe: ready for connections.
Version: '10.4.27-MariaDB'  socket: ''  port: 3306  mariadb.org binary distribution
2023-09-18 21:15:43 8 [Warning] Aborted connection 8 to db: 'better_bib' user: 'root' host: 'localhost' (Got an error reading communication packets)
2023-09-18 21:17:19 0 [Note] InnoDB: Mutexes and rw_locks use Windows interlocked functions
2023-09-18 21:17:19 0 [Note] InnoDB: Uses event mutexes
2023-09-18 21:17:19 0 [Note] InnoDB: Compressed tables use zlib 1.2.12
2023-09-18 21:17:19 0 [Note] InnoDB: Number of pools: 1
2023-09-18 21:17:19 0 [Note] InnoDB: Using SSE2 crc32 instructions
2023-09-18 21:17:19 0 [Note] InnoDB: Initializing buffer pool, total size = 16M, instances = 1, chunk size = 16M
2023-09-18 21:17:19 0 [Note] InnoDB: Completed initialization of buffer pool
2023-09-18 21:17:19 0 [Note] InnoDB: Starting crash recovery from checkpoint LSN=2255940
2023-09-18 21:17:20 0 [Note] InnoDB: 128 out of 128 rollback segments are active.
2023-09-18 21:17:20 0 [Note] InnoDB: Removed temporary tablespace data file: "ibtmp1"
2023-09-18 21:17:20 0 [Note] InnoDB: Creating shared tablespace for temporary tables
2023-09-18 21:17:20 0 [Note] InnoDB: Setting file 'D:\XAMPP\mysql\data\ibtmp1' size to 12 MB. Physically writing the file full; Please wait ...
2023-09-18 21:17:20 0 [Note] InnoDB: File 'D:\XAMPP\mysql\data\ibtmp1' size is now 12 MB.
2023-09-18 21:17:20 0 [Note] InnoDB: Waiting for purge to start
2023-09-18 21:17:20 0 [Note] InnoDB: 10.4.27 started; log sequence number 2255949; transaction id 3488
2023-09-18 21:17:20 0 [Note] InnoDB: Loading buffer pool(s) from D:\XAMPP\mysql\data\ib_buffer_pool
2023-09-18 21:17:20 0 [Note] Plugin 'FEEDBACK' is disabled.
2023-09-18 21:17:20 0 [Note] Server socket created on IP: '::'.
2023-09-18 21:17:20 0 [Note] InnoDB: Buffer pool(s) load completed at 230918 21:17:20
2023-09-18 21:17:20 0 [Note] Reading of all Master_info entries succeeded
2023-09-18 21:17:20 0 [Note] Added new Master_info '' to hash table
2023-09-18 21:17:20 0 [Note] mysql\bin\mysqld.exe: ready for connections.
Version: '10.4.27-MariaDB'  socket: ''  port: 3306  mariadb.org binary distribution
2023-09-18 21:17:33 8 [Warning] Aborted connection 8 to db: 'better_bib' user: 'root' host: 'localhost' (Got an error reading communication packets)
2023-09-18 21:18:10 9 [Warning] Aborted connection 9 to db: 'better_bib' user: 'root' host: 'localhost' (Got an error reading communication packets)
2023-09-18 21:18:19 0 [Note] InnoDB: Mutexes and rw_locks use Windows interlocked functions
2023-09-18 21:18:19 0 [Note] InnoDB: Uses event mutexes
2023-09-18 21:18:19 0 [Note] InnoDB: Compressed tables use zlib 1.2.12
2023-09-18 21:18:19 0 [Note] InnoDB: Number of pools: 1
2023-09-18 21:18:19 0 [Note] InnoDB: Using SSE2 crc32 instructions
2023-09-18 21:18:19 0 [Note] InnoDB: Initializing buffer pool, total size = 16M, instances = 1, chunk size = 16M
2023-09-18 21:18:19 0 [Note] InnoDB: Completed initialization of buffer pool
2023-09-18 21:18:19 0 [Note] InnoDB: Starting crash recovery from checkpoint LSN=2255958
2023-09-18 21:18:19 0 [Note] InnoDB: 128 out of 128 rollback segments are active.
2023-09-18 21:18:19 0 [Note] InnoDB: Removed temporary tablespace data file: "ibtmp1"
2023-09-18 21:18:19 0 [Note] InnoDB: Creating shared tablespace for temporary tables
2023-09-18 21:18:19 0 [Note] InnoDB: Setting file 'D:\XAMPP\mysql\data\ibtmp1' size to 12 MB. Physically writing the file full; Please wait ...
2023-09-18 21:18:19 0 [Note] InnoDB: File 'D:\XAMPP\mysql\data\ibtmp1' size is now 12 MB.
2023-09-18 21:18:19 0 [Note] InnoDB: Waiting for purge to start
2023-09-18 21:18:19 0 [Note] InnoDB: 10.4.27 started; log sequence number 2255967; transaction id 3488
2023-09-18 21:18:19 0 [Note] InnoDB: Loading buffer pool(s) from D:\XAMPP\mysql\data\ib_buffer_pool
2023-09-18 21:18:19 0 [Note] Plugin 'FEEDBACK' is disabled.
2023-09-18 21:18:19 0 [Note] Server socket created on IP: '::'.
2023-09-18 21:18:19 0 [Note] InnoDB: Buffer pool(s) load completed at 230918 21:18:19
2023-09-18 21:18:19 0 [Note] Reading of all Master_info entries succeeded
2023-09-18 21:18:19 0 [Note] Added new Master_info '' to hash table
2023-09-18 21:18:19 0 [Note] mysql\bin\mysqld.exe: ready for connections.
Version: '10.4.27-MariaDB'  socket: ''  port: 3306  mariadb.org binary distribution
2023-09-18 21:18:30 8 [Warning] Aborted connection 8 to db: 'better_bib' user: 'root' host: 'localhost' (Got an error reading communication packets)
2023-09-18 21:19:57 9 [Warning] Aborted connection 9 to db: 'better_bib' user: 'root' host: 'localhost' (Got an error reading communication packets)
2023-09-18 21:20:03 0 [Note] InnoDB: Mutexes and rw_locks use Windows interlocked functions
2023-09-18 21:20:03 0 [Note] InnoDB: Uses event mutexes
2023-09-18 21:20:03 0 [Note] InnoDB: Compressed tables use zlib 1.2.12
2023-09-18 21:20:03 0 [Note] InnoDB: Number of pools: 1
2023-09-18 21:20:03 0 [Note] InnoDB: Using SSE2 crc32 instructions
2023-09-18 21:20:03 0 [Note] InnoDB: Initializing buffer pool, total size = 16M, instances = 1, chunk size = 16M
2023-09-18 21:20:03 0 [Note] InnoDB: Completed initialization of buffer pool
2023-09-18 21:20:03 0 [Note] InnoDB: Starting crash recovery from checkpoint LSN=2255976
2023-09-18 21:20:03 0 [Note] InnoDB: 128 out of 128 rollback segments are active.
2023-09-18 21:20:03 0 [Note] InnoDB: Removed temporary tablespace data file: "ibtmp1"
2023-09-18 21:20:03 0 [Note] InnoDB: Creating shared tablespace for temporary tables
2023-09-18 21:20:03 0 [Note] InnoDB: Setting file 'D:\XAMPP\mysql\data\ibtmp1' size to 12 MB. Physically writing the file full; Please wait ...
2023-09-18 21:20:03 0 [Note] InnoDB: File 'D:\XAMPP\mysql\data\ibtmp1' size is now 12 MB.
2023-09-18 21:20:03 0 [Note] InnoDB: Waiting for purge to start
2023-09-18 21:20:03 0 [Note] InnoDB: 10.4.27 started; log sequence number 2255985; transaction id 3488
2023-09-18 21:20:03 0 [Note] InnoDB: Loading buffer pool(s) from D:\XAMPP\mysql\data\ib_buffer_pool
2023-09-18 21:20:03 0 [Note] Plugin 'FEEDBACK' is disabled.
2023-09-18 21:20:03 0 [Note] Server socket created on IP: '::'.
2023-09-18 21:20:04 0 [Note] InnoDB: Buffer pool(s) load completed at 230918 21:20:04
2023-09-18 21:20:04 0 [Note] Reading of all Master_info entries succeeded
2023-09-18 21:20:04 0 [Note] Added new Master_info '' to hash table
2023-09-18 21:20:04 0 [Note] mysql\bin\mysqld.exe: ready for connections.
Version: '10.4.27-MariaDB'  socket: ''  port: 3306  mariadb.org binary distribution
2023-09-18 21:20:16 8 [Warning] Aborted connection 8 to db: 'better_bib' user: 'root' host: 'localhost' (Got an error reading communication packets)
2023-09-18 21:20:26 0 [Note] InnoDB: Mutexes and rw_locks use Windows interlocked functions
2023-09-18 21:20:26 0 [Note] InnoDB: Uses event mutexes
2023-09-18 21:20:26 0 [Note] InnoDB: Compressed tables use zlib 1.2.12
2023-09-18 21:20:26 0 [Note] InnoDB: Number of pools: 1
2023-09-18 21:20:26 0 [Note] InnoDB: Using SSE2 crc32 instructions
2023-09-18 21:20:26 0 [Note] InnoDB: Initializing buffer pool, total size = 16M, instances = 1, chunk size = 16M
2023-09-18 21:20:26 0 [Note] InnoDB: Completed initialization of buffer pool
2023-09-18 21:20:26 0 [Note] InnoDB: Starting crash recovery from checkpoint LSN=2255994
2023-09-18 21:20:27 0 [Note] InnoDB: 128 out of 128 rollback segments are active.
2023-09-18 21:20:27 0 [Note] InnoDB: Removed temporary tablespace data file: "ibtmp1"
2023-09-18 21:20:27 0 [Note] InnoDB: Creating shared tablespace for temporary tables
2023-09-18 21:20:27 0 [Note] InnoDB: Setting file 'D:\XAMPP\mysql\data\ibtmp1' size to 12 MB. Physically writing the file full; Please wait ...
2023-09-18 21:20:27 0 [Note] InnoDB: File 'D:\XAMPP\mysql\data\ibtmp1' size is now 12 MB.
2023-09-18 21:20:27 0 [Note] InnoDB: Waiting for purge to start
2023-09-18 21:20:27 0 [Note] InnoDB: 10.4.27 started; log sequence number 2256003; transaction id 3488
2023-09-18 21:20:27 0 [Note] InnoDB: Loading buffer pool(s) from D:\XAMPP\mysql\data\ib_buffer_pool
2023-09-18 21:20:27 0 [Note] Plugin 'FEEDBACK' is disabled.
2023-09-18 21:20:27 0 [Note] Server socket created on IP: '::'.
2023-09-18 21:20:27 0 [Note] InnoDB: Buffer pool(s) load completed at 230918 21:20:27
2023-09-18 21:20:27 0 [Note] Reading of all Master_info entries succeeded
2023-09-18 21:20:27 0 [Note] Added new Master_info '' to hash table
2023-09-18 21:20:27 0 [Note] mysql\bin\mysqld.exe: ready for connections.
Version: '10.4.27-MariaDB'  socket: ''  port: 3306  mariadb.org binary distribution
2023-09-18 21:20:39 8 [Warning] Aborted connection 8 to db: 'better_bib' user: 'root' host: 'localhost' (Got an error reading communication packets)
2023-09-18 21:20:58 0 [Note] InnoDB: Mutexes and rw_locks use Windows interlocked functions
2023-09-18 21:20:58 0 [Note] InnoDB: Uses event mutexes
2023-09-18 21:20:58 0 [Note] InnoDB: Compressed tables use zlib 1.2.12
2023-09-18 21:20:58 0 [Note] InnoDB: Number of pools: 1
2023-09-18 21:20:58 0 [Note] InnoDB: Using SSE2 crc32 instructions
2023-09-18 21:20:58 0 [Note] InnoDB: Initializing buffer pool, total size = 16M, instances = 1, chunk size = 16M
2023-09-18 21:20:58 0 [Note] InnoDB: Completed initialization of buffer pool
2023-09-18 21:20:58 0 [Note] InnoDB: Starting crash recovery from checkpoint LSN=2256012
2023-09-18 21:20:58 0 [Note] InnoDB: 128 out of 128 rollback segments are active.
2023-09-18 21:20:58 0 [Note] InnoDB: Removed temporary tablespace data file: "ibtmp1"
2023-09-18 21:20:58 0 [Note] InnoDB: Creating shared tablespace for temporary tables
2023-09-18 21:20:58 0 [Note] InnoDB: Setting file 'D:\XAMPP\mysql\data\ibtmp1' size to 12 MB. Physically writing the file full; Please wait ...
2023-09-18 21:20:58 0 [Note] InnoDB: File 'D:\XAMPP\mysql\data\ibtmp1' size is now 12 MB.
2023-09-18 21:20:58 0 [Note] InnoDB: Waiting for purge to start
2023-09-18 21:20:58 0 [Note] InnoDB: 10.4.27 started; log sequence number 2256021; transaction id 3488
2023-09-18 21:20:58 0 [Note] InnoDB: Loading buffer pool(s) from D:\XAMPP\mysql\data\ib_buffer_pool
2023-09-18 21:20:58 0 [Note] Plugin 'FEEDBACK' is disabled.
2023-09-18 21:20:58 0 [Note] Server socket created on IP: '::'.
2023-09-18 21:20:58 0 [Note] InnoDB: Buffer pool(s) load completed at 230918 21:20:58
2023-09-18 21:20:58 0 [Note] Reading of all Master_info entries succeeded
2023-09-18 21:20:58 0 [Note] Added new Master_info '' to hash table
2023-09-18 21:20:58 0 [Note] mysql\bin\mysqld.exe: ready for connections.
Version: '10.4.27-MariaDB'  socket: ''  port: 3306  mariadb.org binary distribution
2023-09-18 21:21:10 8 [Warning] Aborted connection 8 to db: 'better_bib' user: 'root' host: 'localhost' (Got an error reading communication packets)
2023-09-18 21:23:35 0 [Note] InnoDB: Mutexes and rw_locks use Windows interlocked functions
2023-09-18 21:23:35 0 [Note] InnoDB: Uses event mutexes
2023-09-18 21:23:35 0 [Note] InnoDB: Compressed tables use zlib 1.2.12
2023-09-18 21:23:35 0 [Note] InnoDB: Number of pools: 1
2023-09-18 21:23:35 0 [Note] InnoDB: Using SSE2 crc32 instructions
2023-09-18 21:23:35 0 [Note] InnoDB: Initializing buffer pool, total size = 16M, instances = 1, chunk size = 16M
2023-09-18 21:23:35 0 [Note] InnoDB: Completed initialization of buffer pool
2023-09-18 21:23:35 0 [Note] InnoDB: Starting crash recovery from checkpoint LSN=2256030
2023-09-18 21:23:35 0 [Note] InnoDB: 128 out of 128 rollback segments are active.
2023-09-18 21:23:35 0 [Note] InnoDB: Removed temporary tablespace data file: "ibtmp1"
2023-09-18 21:23:35 0 [Note] InnoDB: Creating shared tablespace for temporary tables
2023-09-18 21:23:35 0 [Note] InnoDB: Setting file 'D:\XAMPP\mysql\data\ibtmp1' size to 12 MB. Physically writing the file full; Please wait ...
2023-09-18 21:23:35 0 [Note] InnoDB: File 'D:\XAMPP\mysql\data\ibtmp1' size is now 12 MB.
2023-09-18 21:23:35 0 [Note] InnoDB: Waiting for purge to start
2023-09-18 21:23:35 0 [Note] InnoDB: 10.4.27 started; log sequence number 2256039; transaction id 3488
2023-09-18 21:23:35 0 [Note] InnoDB: Loading buffer pool(s) from D:\XAMPP\mysql\data\ib_buffer_pool
2023-09-18 21:23:35 0 [Note] Plugin 'FEEDBACK' is disabled.
2023-09-18 21:23:35 0 [Note] Server socket created on IP: '::'.
2023-09-18 21:23:35 0 [Note] InnoDB: Buffer pool(s) load completed at 230918 21:23:35
2023-09-18 21:23:35 0 [Note] Reading of all Master_info entries succeeded
2023-09-18 21:23:35 0 [Note] Added new Master_info '' to hash table
2023-09-18 21:23:35 0 [Note] mysql\bin\mysqld.exe: ready for connections.
Version: '10.4.27-MariaDB'  socket: ''  port: 3306  mariadb.org binary distribution
2023-09-18 21:23:52 8 [Warning] Aborted connection 8 to db: 'better_bib' user: 'root' host: 'localhost' (Got an error reading communication packets)
2023-09-18 21:34:48 0 [Note] InnoDB: Mutexes and rw_locks use Windows interlocked functions
2023-09-18 21:34:48 0 [Note] InnoDB: Uses event mutexes
2023-09-18 21:34:48 0 [Note] InnoDB: Compressed tables use zlib 1.2.12
2023-09-18 21:34:48 0 [Note] InnoDB: Number of pools: 1
2023-09-18 21:34:48 0 [Note] InnoDB: Using SSE2 crc32 instructions
2023-09-18 21:34:48 0 [Note] InnoDB: Initializing buffer pool, total size = 16M, instances = 1, chunk size = 16M
2023-09-18 21:34:48 0 [Note] InnoDB: Completed initialization of buffer pool
2023-09-18 21:34:49 0 [Note] InnoDB: Starting crash recovery from checkpoint LSN=2256048
2023-09-18 21:34:49 0 [Note] InnoDB: 128 out of 128 rollback segments are active.
2023-09-18 21:34:49 0 [Note] InnoDB: Removed temporary tablespace data file: "ibtmp1"
2023-09-18 21:34:49 0 [Note] InnoDB: Creating shared tablespace for temporary tables
2023-09-18 21:34:49 0 [Note] InnoDB: Setting file 'D:\XAMPP\mysql\data\ibtmp1' size to 12 MB. Physically writing the file full; Please wait ...
2023-09-18 21:34:49 0 [Note] InnoDB: File 'D:\XAMPP\mysql\data\ibtmp1' size is now 12 MB.
2023-09-18 21:34:49 0 [Note] InnoDB: Waiting for purge to start
2023-09-18 21:34:49 0 [Note] InnoDB: 10.4.27 started; log sequence number 2256057; transaction id 3488
2023-09-18 21:34:49 0 [Note] InnoDB: Loading buffer pool(s) from D:\XAMPP\mysql\data\ib_buffer_pool
2023-09-18 21:34:49 0 [Note] Plugin 'FEEDBACK' is disabled.
2023-09-18 21:34:49 0 [Note] Server socket created on IP: '::'.
